#
# A fatal error has been detected by the Java Runtime Environment:
#
#  SIGSEGV (0xb) at pc=0x00007f1bacd78afc, pid=14548, tid=0x00007f1bae27f700
#
# JRE version: Java(TM) SE Runtime Environment (8.0_101-b13) (build 1.8.0_101-b13)
# Java VM: Java HotSpot(TM) 64-Bit Server VM (25.101-b13 mixed mode linux-amd64 compressed oops)
# Problematic frame:
# V  [libjvm.so+0x6deafc]  jni_GetObjectClass+0xbc
#
# Failed to write core dump. Core dumps have been disabled. To enable core dumping, try "ulimit -c unlimited" before starting Java again
#
# If you would like to submit a bug report, please visit:
#   http://bugreport.java.com/bugreport/crash.jsp
#

---------------  T H R E A D  ---------------

Current thread (0x00007f1ba8009800):  JavaThread "main" [_thread_in_vm, id=14549, stack(0x00007f1bae17f000,0x00007f1bae280000)]

siginfo: si_signo: 11 (SIGSEGV), si_code: 1 (SEGV_MAPERR), si_addr: 0x0000000000000000

Registers:
RAX=0x00007f1bad64c059, RBX=0x00007f1ba8009800, RCX=0x00007f1b848c2be8, RDX=0x00007f1bad6570f0
RSP=0x00007f1bae27e2e0, RBP=0x00007f1bae27e340, RSI=0x00007f1ba8009800, RDI=0x00007f1bae27e2e0
R8 =0x00007f1bad657100, R9 =0x00007f1ba8000078, R10=0x00007f1bae27e1f0, R11=0x00007f1b848b34c0
R12=0x00007f1bae27e2e0, R13=0x00007f1ba80099f8, R14=0x0000000000000000, R15=0x00007f1bad65be80
RIP=0x00007f1bacd78afc, EFLAGS=0x0000000000010246, CSGSFS=0x0000000000000033, ERR=0x0000000000000004
  TRAPNO=0x000000000000000e

Top of Stack: (sp=0x00007f1bae27e2e0)
0x00007f1bae27e2e0:   00007f1ba8009800 0000000000000000
0x00007f1bae27e2f0:   00000000ffffffff 0000000000000000
0x00007f1bae27e300:   00007f1ba8009800 00007f1ba82bc300
0x00007f1bae27e310:   00007f1ba82bc300 00007f1ba80099f8
0x00007f1bae27e320:   00007f1bae27e5c0 0000000000000000
0x00007f1bae27e330:   00007f1b848c2be8 00007f1ba81e4cc0
0x00007f1bae27e340:   00007f1b848c2f74 00007f1b848b34fa
0x00007f1bae27e350:   00007f1bae27e3a0 00007f1ba80062b0
0x00007f1bae27e360:   0000000000000000 00007f1b84ac9418
0x00007f1bae27e370:   0000000000000000 0000000000000000
0x00007f1bae27e380:   00007f1bae27e5c0 00007f1ba81e4cc0
0x00007f1bae27e390:   00007f1ba80099f8 00007f1bae094527
0x00007f1bae27e3a0:   00007f1b00000005 0000000000000000
0x00007f1bae27e3b0:   00007f1bae27e420 00007f1b848a17c8
0x00007f1bae27e3c0:   00007f1ba8203d00 00007f1ba80099f8
0x00007f1bae27e3d0:   00007f1bae27e5c0 00007f1bae09b4d5
0x00007f1bae27e3e0:   0000000000000004 00007f1b848c2be8
0x00007f1bae27e3f0:   00007f1b848c2f74 00007f1ba8203d00
0x00007f1bae27e400:   00007f1ba80099f8 00007f1bae27e5c0
0x00007f1bae27e410:   0000000000000000 00007f1bae27e5c0
0x00007f1bae27e420:   00007f1ba81e4cc0 00007f1b848b3f6d
0x00007f1bae27e430:   00007f1bae27e5c0 00007f1ba81e4cc0
0x00007f1bae27e440:   0000000000000000 00007f1bae094527
0x00007f1bae27e450:   00007f1b00000005 0000000000000000
0x00007f1bae27e460:   00007f1ba80099f8 00007f1b848a08e0
0x00007f1bae27e470:   00007f1ba8203d00 0000000000000000
0x00007f1bae27e480:   00007f1ba80099f8 00007f1bae09b4d5
0x00007f1bae27e490:   00007f1ba8203d00 0000000000000000
0x00007f1bae27e4a0:   00007f1bae27e5c0 00007f1ba8203d00
0x00007f1bae27e4b0:   0000000000000000 00007f1ba80099f8
0x00007f1bae27e4c0:   0000000000000004 00007f1bae27e5c0
0x00007f1bae27e4d0:   00007f1ba81e4cc0 00007f1b848a9dd1 

Instructions: (pc=0x00007f1bacd78afc)
0x00007f1bacd78adc:   c7 83 70 02 00 00 06 00 00 00 48 89 de 48 89 5d
0x00007f1bacd78aec:   c0 4c 89 e7 e8 9b 22 01 00 48 8b 05 4c 25 89 00
0x00007f1bacd78afc:   49 8b 16 80 38 00 0f 85 b0 00 00 00 48 8b 52 08
0x00007f1bacd78b0c:   48 8b 72 68 4c 89 ef e8 98 ee 02 00 48 83 7d a8 

Register to memory mapping:

RAX=0x00007f1bad64c059: <offset 0xfb2059> in /usr/lib/jvm/java-8-oracle/jre/lib/amd64/server/libjvm.so at 0x00007f1bac69a000
RBX=0x00007f1ba8009800 is a thread
RCX=0x00007f1b848c2be8: <offset 0x23be8> in /home/jared/Documents/Code Projects/NNVC/External Sources/aparapi linux/libaparapi_x86_64.so at 0x00007f1b8489f000
RDX=0x00007f1bad6570f0: <offset 0xfbd0f0> in /usr/lib/jvm/java-8-oracle/jre/lib/amd64/server/libjvm.so at 0x00007f1bac69a000
RSP=0x00007f1bae27e2e0 is pointing into the stack for thread: 0x00007f1ba8009800
RBP=0x00007f1bae27e340 is pointing into the stack for thread: 0x00007f1ba8009800
RSI=0x00007f1ba8009800 is a thread
RDI=0x00007f1bae27e2e0 is pointing into the stack for thread: 0x00007f1ba8009800
R8 =0x00007f1bad657100: <offset 0xfbd100> in /usr/lib/jvm/java-8-oracle/jre/lib/amd64/server/libjvm.so at 0x00007f1bac69a000
R9 =0x00007f1ba8000078 is an unknown value
R10=0x00007f1bae27e1f0 is pointing into the stack for thread: 0x00007f1ba8009800
R11=0x00007f1b848b34c0: _ZN9JNIHelper16getInstanceFieldIP8_jobjectEET_P7JNIEnv_S2_PKcS7_+0 in /home/jared/Documents/Code Projects/NNVC/External Sources/aparapi linux/libaparapi_x86_64.so at 0x00007f1b8489f000
R12=0x00007f1bae27e2e0 is pointing into the stack for thread: 0x00007f1ba8009800
R13=0x00007f1ba80099f8 is an unknown value
R14=0x0000000000000000 is an unknown value
R15=0x00007f1bad65be80: <offset 0xfc1e80> in /usr/lib/jvm/java-8-oracle/jre/lib/amd64/server/libjvm.so at 0x00007f1bac69a000


Stack: [0x00007f1bae17f000,0x00007f1bae280000],  sp=0x00007f1bae27e2e0,  free space=1020k
Native frames: (J=compiled Java code, j=interpreted, Vv=VM code, C=native code)
V  [libjvm.so+0x6deafc]  jni_GetObjectClass+0xbc
C  [libaparapi_x86_64.so+0x144fa]  _jobject* JNIHelper::getInstanceField<_jobject*>(JNIEnv_*, _jobject*, char const*, char const*)+0x3a

Java frames: (J=compiled Java code, j=interpreted, Vv=VM code)
j  com.amd.aparapi.internal.jni.KernelRunnerJNI.initJNI(Lcom/amd/aparapi/Kernel;Lcom/amd/aparapi/device/OpenCLDevice;I)J+0
j  com.amd.aparapi.internal.kernel.KernelRunner.execute(Ljava/lang/String;Lcom/amd/aparapi/Range;I)Lcom/amd/aparapi/Kernel;+251
j  com.amd.aparapi.Kernel.execute(Ljava/lang/String;Lcom/amd/aparapi/Range;I)Lcom/amd/aparapi/Kernel;+26
j  com.amd.aparapi.Kernel.execute(Lcom/amd/aparapi/Range;I)Lcom/amd/aparapi/Kernel;+5
j  com.amd.aparapi.Kernel.execute(Lcom/amd/aparapi/Range;)Lcom/amd/aparapi/Kernel;+3
j  com.amd.aparapi.sample.mandel.Main.main([Ljava/lang/String;)V+200
v  ~StubRoutines::call_stub

---------------  P R O C E S S  ---------------

Java Threads: ( => current thread )
  0x00007f1ba82a7000 JavaThread "AWT-EventQueue-0" [_thread_blocked, id=14571, stack(0x00007f1b84aca000,0x00007f1b84bcb000)]
  0x00007f1ba82a3000 JavaThread "AWT-Shutdown" [_thread_blocked, id=14570, stack(0x00007f1b84bcb000,0x00007f1b84ccc000)]
  0x00007f1ba825c800 JavaThread "AWT-XAWT" daemon [_thread_in_native, id=14569, stack(0x00007f1b84ccc000,0x00007f1b84dcd000)]
  0x00007f1ba8235800 JavaThread "Java2D Disposer" daemon [_thread_blocked, id=14568, stack(0x00007f1b851dd000,0x00007f1b852de000)]
  0x00007f1ba80d3000 JavaThread "Service Thread" daemon [_thread_blocked, id=14566, stack(0x00007f1b86f29000,0x00007f1b8702a000)]
  0x00007f1ba80c8000 JavaThread "C1 CompilerThread3" daemon [_thread_blocked, id=14565, stack(0x00007f1b8702a000,0x00007f1b8712b000)]
  0x00007f1ba80c5800 JavaThread "C2 CompilerThread2" daemon [_thread_blocked, id=14564, stack(0x00007f1b8712b000,0x00007f1b8722c000)]
  0x00007f1ba80c4000 JavaThread "C2 CompilerThread1" daemon [_thread_blocked, id=14563, stack(0x00007f1b8722c000,0x00007f1b8732d000)]
  0x00007f1ba80c1000 JavaThread "C2 CompilerThread0" daemon [_thread_blocked, id=14562, stack(0x00007f1b8732d000,0x00007f1b8742e000)]
  0x00007f1ba80bf800 JavaThread "Signal Dispatcher" daemon [_thread_blocked, id=14561, stack(0x00007f1b8742e000,0x00007f1b8752f000)]
  0x00007f1ba808c000 JavaThread "Finalizer" daemon [_thread_blocked, id=14560, stack(0x00007f1b877f8000,0x00007f1b878f9000)]
  0x00007f1ba8087800 JavaThread "Reference Handler" daemon [_thread_blocked, id=14559, stack(0x00007f1b878f9000,0x00007f1b879fa000)]
=>0x00007f1ba8009800 JavaThread "main" [_thread_in_vm, id=14549, stack(0x00007f1bae17f000,0x00007f1bae280000)]

Other Threads:
  0x00007f1ba8080000 VMThread [stack: 0x00007f1b879fa000,0x00007f1b87afb000] [id=14558]
  0x00007f1ba80d5800 WatcherThread [stack: 0x00007f1b86e28000,0x00007f1b86f29000] [id=14567]

VM state:not at safepoint (normal execution)

VM Mutex/Monitor currently owned by a thread: None

Heap:
 PSYoungGen      total 74240K, used 18691K [0x000000076d580000, 0x0000000772800000, 0x00000007c0000000)
  eden space 64000K, 29% used [0x000000076d580000,0x000000076e7c0e10,0x0000000771400000)
  from space 10240K, 0% used [0x0000000771e00000,0x0000000771e00000,0x0000000772800000)
  to   space 10240K, 0% used [0x0000000771400000,0x0000000771400000,0x0000000771e00000)
 ParOldGen       total 169472K, used 0K [0x00000006c8000000, 0x00000006d2580000, 0x000000076d580000)
  object space 169472K, 0% used [0x00000006c8000000,0x00000006c8000000,0x00000006d2580000)
 Metaspace       used 11015K, capacity 11158K, committed 11392K, reserved 1058816K
  class space    used 1452K, capacity 1541K, committed 1664K, reserved 1048576K

Card table byte_map: [0x00007f1b975ee000,0x00007f1b97daf000] byte_map_base: 0x00007f1b93fae000

Marking Bits: (ParMarkBitMap*) 0x00007f1bad65b120
 Begin Bits: [0x00007f1b60400000, 0x00007f1b64200000)
 End Bits:   [0x00007f1b64200000, 0x00007f1b68000000)

Polling page: 0x00007f1bae2a4000

CodeCache: size=245760Kb used=2440Kb max_used=2440Kb free=243319Kb
 bounds [0x00007f1b9816f000, 0x00007f1b983df000, 0x00007f1ba716f000]
 total_blobs=1155 nmethods=667 adapters=402
 compilation: enabled

Compilation events (10 events):
Event: 0.412 Thread 0x00007f1ba80c4000 nmethod 651 0x00007f1b983cf250 code [0x00007f1b983cf3a0, 0x00007f1b983cf718]
Event: 0.413 Thread 0x00007f1ba80c8000 nmethod 663 0x00007f1b983cf950 code [0x00007f1b983cfd40, 0x00007f1b983d2428]
Event: 0.413 Thread 0x00007f1ba80c8000  667       3       java.util.zip.ZipFile$ZipFileInputStream::<init> (41 bytes)
Event: 0.413 Thread 0x00007f1ba80c8000 nmethod 667 0x00007f1b983cca10 code [0x00007f1b983ccba0, 0x00007f1b983ccf38]
Event: 0.413 Thread 0x00007f1ba80c8000  664       3       sun.net.www.protocol.jar.Handler::indexOfBangSlash (52 bytes)
Event: 0.414 Thread 0x00007f1ba80c8000 nmethod 664 0x00007f1b983cbe90 code [0x00007f1b983cc040, 0x00007f1b983cc778]
Event: 0.414 Thread 0x00007f1ba80c8000  665       3       sun.net.www.ParseUtil::<init> (5 bytes)
Event: 0.414 Thread 0x00007f1ba80c8000 nmethod 665 0x00007f1b983c5d50 code [0x00007f1b983c5ec0, 0x00007f1b983c6070]
Event: 0.414 Thread 0x00007f1ba80c8000  666       3       sun.misc.URLClassPath$JarLoader$2::getCodeSigners (8 bytes)
Event: 0.414 Thread 0x00007f1ba80c8000 nmethod 666 0x00007f1b983cba50 code [0x00007f1b983cbbc0, 0x00007f1b983cbde8]

GC Heap History (0 events):
No events

Deoptimization events (0 events):
No events

Internal exceptions (10 events):
Event: 0.026 Thread 0x00007f1ba8009800 Exception <a 'java/lang/NoSuchMethodError': Method sun.misc.Unsafe.prefetchRead(Ljava/lang/Object;J)V name or signature does not match> (0x000000076d587fa8) thrown at [/HUDSON3/workspace/8-2-build-linux-amd64/jdk8u101/7261/hotspot/src/share/vm/prims/jni.c
Event: 0.065 Thread 0x00007f1ba8009800 Exception <a 'java/security/PrivilegedActionException'> (0x000000076d608fc0) thrown at [/HUDSON3/workspace/8-2-build-linux-amd64/jdk8u101/7261/hotspot/src/share/vm/prims/jvm.cpp, line 1386]
Event: 0.065 Thread 0x00007f1ba8009800 Exception <a 'java/security/PrivilegedActionException'> (0x000000076d6091d0) thrown at [/HUDSON3/workspace/8-2-build-linux-amd64/jdk8u101/7261/hotspot/src/share/vm/prims/jvm.cpp, line 1386]
Event: 0.065 Thread 0x00007f1ba8009800 Exception <a 'java/security/PrivilegedActionException'> (0x000000076d60b700) thrown at [/HUDSON3/workspace/8-2-build-linux-amd64/jdk8u101/7261/hotspot/src/share/vm/prims/jvm.cpp, line 1386]
Event: 0.065 Thread 0x00007f1ba8009800 Exception <a 'java/security/PrivilegedActionException'> (0x000000076d60b910) thrown at [/HUDSON3/workspace/8-2-build-linux-amd64/jdk8u101/7261/hotspot/src/share/vm/prims/jvm.cpp, line 1386]
Event: 0.096 Thread 0x00007f1ba8009800 Exception <a 'java/lang/NoSuchFieldError': method resolution failed> (0x000000076d817788) thrown at [/HUDSON3/workspace/8-2-build-linux-amd64/jdk8u101/7261/hotspot/src/share/vm/prims/methodHandles.cpp, line 1146]
Event: 0.097 Thread 0x00007f1ba8009800 Exception <a 'java/lang/NoSuchFieldError': method resolution failed> (0x000000076d824f58) thrown at [/HUDSON3/workspace/8-2-build-linux-amd64/jdk8u101/7261/hotspot/src/share/vm/prims/methodHandles.cpp, line 1146]
Event: 0.112 Thread 0x00007f1ba8009800 Exception <a 'java/io/FileNotFoundException'> (0x000000076d8a4758) thrown at [/HUDSON3/workspace/8-2-build-linux-amd64/jdk8u101/7261/hotspot/src/share/vm/prims/jni.cpp, line 709]
Event: 0.112 Thread 0x00007f1ba8009800 Exception <a 'java/io/FileNotFoundException'> (0x000000076d8a5108) thrown at [/HUDSON3/workspace/8-2-build-linux-amd64/jdk8u101/7261/hotspot/src/share/vm/prims/jni.cpp, line 709]
Event: 0.354 Thread 0x00007f1ba82a7000 Exception <a 'java/lang/UnsupportedOperationException': > (0x000000076e053508) thrown at [/HUDSON3/workspace/8-2-build-linux-amd64/jdk8u101/7261/hotspot/src/share/vm/prims/jni.cpp, line 735]

Events (10 events):
Event: 0.411 loading class com/amd/aparapi/device/Device
Event: 0.411 loading class com/amd/aparapi/device/Device done
Event: 0.411 loading class com/amd/aparapi/device/OpenCLDevice$DeviceComparitor
Event: 0.411 loading class com/amd/aparapi/device/OpenCLDevice$DeviceComparitor done
Event: 0.411 loading class com/amd/aparapi/device/OpenCLDevice$DeviceSelector
Event: 0.411 loading class com/amd/aparapi/device/OpenCLDevice$DeviceSelector done
Event: 0.411 loading class com/amd/aparapi/device/Device$1
Event: 0.411 loading class com/amd/aparapi/device/Device$1 done
Event: 0.412 loading class com/amd/aparapi/internal/opencl/OpenCLPlatform
Event: 0.412 loading class com/amd/aparapi/internal/opencl/OpenCLPlatform done


Dynamic libraries:
00400000-00401000 r-xp 00000000 103:05 666720                            /usr/lib/jvm/java-8-oracle/jre/bin/java
00600000-00601000 rw-p 00000000 103:05 666720                            /usr/lib/jvm/java-8-oracle/jre/bin/java
0138d000-013ae000 rw-p 00000000 00:00 0                                  [heap]
6c8000000-6d2580000 rw-p 00000000 00:00 0 
6d2580000-76d580000 ---p 00000000 00:00 0 
76d580000-772800000 rw-p 00000000 00:00 0 
772800000-7c0000000 ---p 00000000 00:00 0 
7c0000000-7c01a0000 rw-p 00000000 00:00 0 
7c01a0000-800000000 ---p 00000000 00:00 0 
7f1b2c000000-7f1b2c021000 rw-p 00000000 00:00 0 
7f1b2c021000-7f1b30000000 ---p 00000000 00:00 0 
7f1b30000000-7f1b30179000 rw-p 00000000 00:00 0 
7f1b30179000-7f1b34000000 ---p 00000000 00:00 0 
7f1b34000000-7f1b34021000 rw-p 00000000 00:00 0 
7f1b34021000-7f1b38000000 ---p 00000000 00:00 0 
7f1b38000000-7f1b38021000 rw-p 00000000 00:00 0 
7f1b38021000-7f1b3c000000 ---p 00000000 00:00 0 
7f1b3c000000-7f1b3c021000 rw-p 00000000 00:00 0 
7f1b3c021000-7f1b40000000 ---p 00000000 00:00 0 
7f1b40000000-7f1b40021000 rw-p 00000000 00:00 0 
7f1b40021000-7f1b44000000 ---p 00000000 00:00 0 
7f1b44000000-7f1b440ed000 rw-p 00000000 00:00 0 
7f1b440ed000-7f1b48000000 ---p 00000000 00:00 0 
7f1b48000000-7f1b481a9000 rw-p 00000000 00:00 0 
7f1b481a9000-7f1b4c000000 ---p 00000000 00:00 0 
7f1b4c000000-7f1b4c07b000 rw-p 00000000 00:00 0 
7f1b4c07b000-7f1b50000000 ---p 00000000 00:00 0 
7f1b50000000-7f1b50036000 rw-p 00000000 00:00 0 
7f1b50036000-7f1b54000000 ---p 00000000 00:00 0 
7f1b54000000-7f1b54021000 rw-p 00000000 00:00 0 
7f1b54021000-7f1b58000000 ---p 00000000 00:00 0 
7f1b58000000-7f1b58021000 rw-p 00000000 00:00 0 
7f1b58021000-7f1b5c000000 ---p 00000000 00:00 0 
7f1b5c000000-7f1b5c021000 rw-p 00000000 00:00 0 
7f1b5c021000-7f1b60000000 ---p 00000000 00:00 0 
7f1b60400000-7f1b68000000 rw-p 00000000 00:00 0 
7f1b68000000-7f1b68021000 rw-p 00000000 00:00 0 
7f1b68021000-7f1b6c000000 ---p 00000000 00:00 0 
7f1b6c000000-7f1b6c021000 rw-p 00000000 00:00 0 
7f1b6c021000-7f1b70000000 ---p 00000000 00:00 0 
7f1b70000000-7f1b70021000 rw-p 00000000 00:00 0 
7f1b70021000-7f1b74000000 ---p 00000000 00:00 0 
7f1b77dc0000-7f1b78000000 rw-s 00000000 00:05 18087946                   /SYSV00000000 (deleted)
7f1b78000000-7f1b78021000 rw-p 00000000 00:00 0 
7f1b78021000-7f1b7c000000 ---p 00000000 00:00 0 
7f1b7c000000-7f1b7c021000 rw-p 00000000 00:00 0 
7f1b7c021000-7f1b80000000 ---p 00000000 00:00 0 
7f1b80000000-7f1b80021000 rw-p 00000000 00:00 0 
7f1b80021000-7f1b84000000 ---p 00000000 00:00 0 
7f1b84194000-7f1b84314000 rw-p 00000000 00:00 0 
7f1b84314000-7f1b84394000 ---p 00000000 00:00 0 
7f1b84394000-7f1b8447a000 r-xp 00000000 103:05 655778                    /usr/lib/x86_64-linux-gnu/libstdc++.so.6.0.19
7f1b8447a000-7f1b84679000 ---p 000e6000 103:05 655778                    /usr/lib/x86_64-linux-gnu/libstdc++.so.6.0.19
7f1b84679000-7f1b84681000 r--p 000e5000 103:05 655778                    /usr/lib/x86_64-linux-gnu/libstdc++.so.6.0.19
7f1b84681000-7f1b84683000 rw-p 000ed000 103:05 655778                    /usr/lib/x86_64-linux-gnu/libstdc++.so.6.0.19
7f1b84683000-7f1b84698000 rw-p 00000000 00:00 0 
7f1b84698000-7f1b8469e000 r-xp 00000000 103:05 524409                    /opt/intel/intel-opencl-1.2-6.2.0.1760/opencl-1.2-sdk-6.2.0.1760/lib64/libOpenCL.so.1.2
7f1b8469e000-7f1b8489d000 ---p 00006000 103:05 524409                    /opt/intel/intel-opencl-1.2-6.2.0.1760/opencl-1.2-sdk-6.2.0.1760/lib64/libOpenCL.so.1.2
7f1b8489d000-7f1b8489e000 r--p 00005000 103:05 524409                    /opt/intel/intel-opencl-1.2-6.2.0.1760/opencl-1.2-sdk-6.2.0.1760/lib64/libOpenCL.so.1.2
7f1b8489e000-7f1b8489f000 rw-p 00006000 103:05 524409                    /opt/intel/intel-opencl-1.2-6.2.0.1760/opencl-1.2-sdk-6.2.0.1760/lib64/libOpenCL.so.1.2
7f1b8489f000-7f1b848c9000 r-xp 00000000 103:07 1050173                   /home/jared/Documents/Code Projects/NNVC/External Sources/aparapi linux/libaparapi_x86_64.so
7f1b848c9000-7f1b84ac9000 ---p 0002a000 103:07 1050173                   /home/jared/Documents/Code Projects/NNVC/External Sources/aparapi linux/libaparapi_x86_64.so
7f1b84ac9000-7f1b84aca000 rw-p 0002a000 103:07 1050173                   /home/jared/Documents/Code Projects/NNVC/External Sources/aparapi linux/libaparapi_x86_64.so
7f1b84aca000-7f1b84acd000 ---p 00000000 00:00 0 
7f1b84acd000-7f1b84bcb000 rw-p 00000000 00:00 0                          [stack:14571]
7f1b84bcb000-7f1b84bce000 ---p 00000000 00:00 0 
7f1b84bce000-7f1b84ccc000 rw-p 00000000 00:00 0                          [stack:14570]
7f1b84ccc000-7f1b84ccf000 ---p 00000000 00:00 0 
7f1b84ccf000-7f1b84dcd000 rw-p 00000000 00:00 0                          [stack:14569]
7f1b84dcd000-7f1b84dd2000 r-xp 00000000 103:05 665055                    /usr/lib/x86_64-linux-gnu/libXfixes.so.3.1.0
7f1b84dd2000-7f1b84fd1000 ---p 00005000 103:05 665055                    /usr/lib/x86_64-linux-gnu/libXfixes.so.3.1.0
7f1b84fd1000-7f1b84fd2000 r--p 00004000 103:05 665055                    /usr/lib/x86_64-linux-gnu/libXfixes.so.3.1.0
7f1b84fd2000-7f1b84fd3000 rw-p 00005000 103:05 665055                    /usr/lib/x86_64-linux-gnu/libXfixes.so.3.1.0
7f1b84fd3000-7f1b84fdc000 r-xp 00000000 103:05 665047                    /usr/lib/x86_64-linux-gnu/libXcursor.so.1.0.2
7f1b84fdc000-7f1b851db000 ---p 00009000 103:05 665047                    /usr/lib/x86_64-linux-gnu/libXcursor.so.1.0.2
7f1b851db000-7f1b851dc000 r--p 00008000 103:05 665047                    /usr/lib/x86_64-linux-gnu/libXcursor.so.1.0.2
7f1b851dc000-7f1b851dd000 rw-p 00009000 103:05 665047                    /usr/lib/x86_64-linux-gnu/libXcursor.so.1.0.2
7f1b851dd000-7f1b851e0000 ---p 00000000 00:00 0 
7f1b851e0000-7f1b852de000 rw-p 00000000 00:00 0                          [stack:14568]
7f1b852de000-7f1b852f4000 r-xp 00000000 103:05 1311856                   /lib/x86_64-linux-gnu/libgcc_s.so.1
7f1b852f4000-7f1b854f3000 ---p 00016000 103:05 1311856                   /lib/x86_64-linux-gnu/libgcc_s.so.1
7f1b854f3000-7f1b854f4000 rw-p 00015000 103:05 1311856                   /lib/x86_64-linux-gnu/libgcc_s.so.1
7f1b854f4000-7f1b85559000 r-xp 00000000 103:05 667001                    /usr/lib/jvm/java-8-oracle/jre/lib/amd64/libfontmanager.so
7f1b85559000-7f1b85758000 ---p 00065000 103:05 667001                    /usr/lib/jvm/java-8-oracle/jre/lib/amd64/libfontmanager.so
7f1b85758000-7f1b8575d000 rw-p 00064000 103:05 667001                    /usr/lib/jvm/java-8-oracle/jre/lib/amd64/libfontmanager.so
7f1b8575d000-7f1b8576d000 rw-p 00000000 00:00 0 
7f1b8576d000-7f1b85772000 r-xp 00000000 103:05 665051                    /usr/lib/x86_64-linux-gnu/libXdmcp.so.6.0.0
7f1b85772000-7f1b85971000 ---p 00005000 103:05 665051                    /usr/lib/x86_64-linux-gnu/libXdmcp.so.6.0.0
7f1b85971000-7f1b85972000 r--p 00004000 103:05 665051                    /usr/lib/x86_64-linux-gnu/libXdmcp.so.6.0.0
7f1b85972000-7f1b85973000 rw-p 00005000 103:05 665051                    /usr/lib/x86_64-linux-gnu/libXdmcp.so.6.0.0
7f1b85973000-7f1b85975000 r-xp 00000000 103:05 665040                    /usr/lib/x86_64-linux-gnu/libXau.so.6.0.0
7f1b85975000-7f1b85b75000 ---p 00002000 103:05 665040                    /usr/lib/x86_64-linux-gnu/libXau.so.6.0.0
7f1b85b75000-7f1b85b76000 r--p 00002000 103:05 665040                    /usr/lib/x86_64-linux-gnu/libXau.so.6.0.0
7f1b85b76000-7f1b85b77000 rw-p 00003000 103:05 665040                    /usr/lib/x86_64-linux-gnu/libXau.so.6.0.0
7f1b85b77000-7f1b85b94000 r-xp 00000000 103:05 666259                    /usr/lib/x86_64-linux-gnu/libxcb.so.1.1.0
7f1b85b94000-7f1b85d94000 ---p 0001d000 103:05 666259                    /usr/lib/x86_64-linux-gnu/libxcb.so.1.1.0
7f1b85d94000-7f1b85d95000 r--p 0001d000 103:05 666259                    /usr/lib/x86_64-linux-gnu/libxcb.so.1.1.0
7f1b85d95000-7f1b85d96000 rw-p 0001e000 103:05 666259                    /usr/lib/x86_64-linux-gnu/libxcb.so.1.1.0
7f1b85d96000-7f1b85da5000 r-xp 00000000 103:05 665061                    /usr/lib/x86_64-linux-gnu/libXi.so.6.1.0
7f1b85da5000-7f1b85fa4000 ---p 0000f000 103:05 665061                    /usr/lib/x86_64-linux-gnu/libXi.so.6.1.0
7f1b85fa4000-7f1b85fa5000 r--p 0000e000 103:05 665061                    /usr/lib/x86_64-linux-gnu/libXi.so.6.1.0
7f1b85fa5000-7f1b85fa6000 rw-p 0000f000 103:05 665061                    /usr/lib/x86_64-linux-gnu/libXi.so.6.1.0
7f1b85fa6000-7f1b85fab000 r-xp 00000000 103:05 665081                    /usr/lib/x86_64-linux-gnu/libXtst.so.6.1.0
7f1b85fab000-7f1b861aa000 ---p 00005000 103:05 665081                    /usr/lib/x86_64-linux-gnu/libXtst.so.6.1.0
7f1b861aa000-7f1b861ab000 r--p 00004000 103:05 665081                    /usr/lib/x86_64-linux-gnu/libXtst.so.6.1.0
7f1b861ab000-7f1b861ac000 rw-p 00005000 103:05 665081                    /usr/lib/x86_64-linux-gnu/libXtst.so.6.1.0
7f1b861ac000-7f1b861b5000 r-xp 00000000 103:05 665075                    /usr/lib/x86_64-linux-gnu/libXrender.so.1.3.0
7f1b861b5000-7f1b863b4000 ---p 00009000 103:05 665075                    /usr/lib/x86_64-linux-gnu/libXrender.so.1.3.0
7f1b863b4000-7f1b863b5000 r--p 00008000 103:05 665075                    /usr/lib/x86_64-linux-gnu/libXrender.so.1.3.0
7f1b863b5000-7f1b863b6000 rw-p 00009000 103:05 665075                    /usr/lib/x86_64-linux-gnu/libXrender.so.1.3.0
7f1b863b6000-7f1b864e6000 r-xp 00000000 103:05 665036                    /usr/lib/x86_64-linux-gnu/libX11.so.6.3.0
7f1b864e6000-7f1b866e6000 ---p 00130000 103:05 665036                    /usr/lib/x86_64-linux-gnu/libX11.so.6.3.0
7f1b866e6000-7f1b866e7000 r--p 00130000 103:05 665036                    /usr/lib/x86_64-linux-gnu/libX11.so.6.3.0
7f1b866e7000-7f1b866eb000 rw-p 00131000 103:05 665036                    /usr/lib/x86_64-linux-gnu/libX11.so.6.3.0
7f1b866eb000-7f1b866fc000 r-xp 00000000 103:05 665053                    /usr/lib/x86_64-linux-gnu/libXext.so.6.4.0
7f1b866fc000-7f1b868fb000 ---p 00011000 103:05 665053                    /usr/lib/x86_64-linux-gnu/libXext.so.6.4.0
7f1b868fb000-7f1b868fc000 r--p 00010000 103:05 665053                    /usr/lib/x86_64-linux-gnu/libXext.so.6.4.0
7f1b868fc000-7f1b868fd000 rw-p 00011000 103:05 665053                    /usr/lib/x86_64-linux-gnu/libXext.so.6.4.0
7f1b868fd000-7f1b86951000 r-xp 00000000 103:05 667026                    /usr/lib/jvm/java-8-oracle/jre/lib/amd64/libawt_xawt.so
7f1b86951000-7f1b86b51000 ---p 00054000 103:05 667026                    /usr/lib/jvm/java-8-oracle/jre/lib/amd64/libawt_xawt.so
7f1b86b51000-7f1b86b55000 rw-p 00054000 103:05 667026                    /usr/lib/jvm/java-8-oracle/jre/lib/amd64/libawt_xawt.so
7f1b86b55000-7f1b86b56000 rw-p 00000000 00:00 0 
7f1b86b56000-7f1b86bf8000 r-xp 00000000 103:05 667020                    /usr/lib/jvm/java-8-oracle/jre/lib/amd64/libawt.so
7f1b86bf8000-7f1b86df8000 ---p 000a2000 103:05 667020                    /usr/lib/jvm/java-8-oracle/jre/lib/amd64/libawt.so
7f1b86df8000-7f1b86e04000 rw-p 000a2000 103:05 667020                    /usr/lib/jvm/java-8-oracle/jre/lib/amd64/libawt.so
7f1b86e04000-7f1b86e28000 rw-p 00000000 00:00 0 
7f1b86e28000-7f1b86e29000 ---p 00000000 00:00 0 
7f1b86e29000-7f1b86f29000 rw-p 00000000 00:00 0                          [stack:14567]
7f1b86f29000-7f1b86f2c000 ---p 00000000 00:00 0 
7f1b86f2c000-7f1b8702a000 rw-p 00000000 00:00 0                          [stack:14566]
7f1b8702a000-7f1b8702d000 ---p 00000000 00:00 0 
7f1b8702d000-7f1b8712b000 rw-p 00000000 00:00 0                          [stack:14565]
7f1b8712b000-7f1b8712e000 ---p 00000000 00:00 0 
7f1b8712e000-7f1b8722c000 rw-p 00000000 00:00 0                          [stack:14564]
7f1b8722c000-7f1b8722f000 ---p 00000000 00:00 0 
7f1b8722f000-7f1b8732d000 rw-p 00000000 00:00 0                          [stack:14563]
7f1b8732d000-7f1b87330000 ---p 00000000 00:00 0 
7f1b87330000-7f1b8742e000 rw-p 00000000 00:00 0                          [stack:14562]
7f1b8742e000-7f1b87431000 ---p 00000000 00:00 0 
7f1b87431000-7f1b8752f000 rw-p 00000000 00:00 0                          [stack:14561]
7f1b8752f000-7f1b877f8000 r--p 00000000 103:05 663226                    /usr/lib/locale/locale-archive
7f1b877f8000-7f1b877fb000 ---p 00000000 00:00 0 
7f1b877fb000-7f1b878f9000 rw-p 00000000 00:00 0                          [stack:14560]
7f1b878f9000-7f1b878fc000 ---p 00000000 00:00 0 
7f1b878fc000-7f1b879fa000 rw-p 00000000 00:00 0                          [stack:14559]
7f1b879fa000-7f1b879fb000 ---p 00000000 00:00 0 
7f1b879fb000-7f1b88000000 rw-p 00000000 00:00 0                          [stack:14558]
7f1b88000000-7f1b88021000 rw-p 00000000 00:00 0 
7f1b88021000-7f1b8c000000 ---p 00000000 00:00 0 
7f1b8c000000-7f1b8c021000 rw-p 00000000 00:00 0 
7f1b8c021000-7f1b90000000 ---p 00000000 00:00 0 
7f1b90000000-7f1b90021000 rw-p 00000000 00:00 0 
7f1b90021000-7f1b94000000 ---p 00000000 00:00 0 
7f1b94079000-7f1b94095000 r--s 00393000 103:05 666933                    /usr/lib/jvm/java-8-oracle/jre/lib/ext/cldrdata.jar
7f1b94095000-7f1b95823000 rw-p 00000000 00:00 0 
7f1b95823000-7f1b959fc000 r--s 03d29000 103:05 667057                    /usr/lib/jvm/java-8-oracle/jre/lib/rt.jar
7f1b959fc000-7f1b969bc000 rw-p 00000000 00:00 0 
7f1b969bc000-7f1b969bd000 ---p 00000000 00:00 0 
7f1b969bd000-7f1b96abd000 rw-p 00000000 00:00 0                          [stack:14557]
7f1b96abd000-7f1b96abe000 ---p 00000000 00:00 0 
7f1b96abe000-7f1b96bbe000 rw-p 00000000 00:00 0                          [stack:14556]
7f1b96bbe000-7f1b96bbf000 ---p 00000000 00:00 0 
7f1b96bbf000-7f1b96cbf000 rw-p 00000000 00:00 0                          [stack:14555]
7f1b96cbf000-7f1b96cc0000 ---p 00000000 00:00 0 
7f1b96cc0000-7f1b96dc0000 rw-p 00000000 00:00 0                          [stack:14554]
7f1b96dc0000-7f1b96dc1000 ---p 00000000 00:00 0 
7f1b96dc1000-7f1b96ec1000 rw-p 00000000 00:00 0                          [stack:14553]
7f1b96ec1000-7f1b96ec2000 ---p 00000000 00:00 0 
7f1b96ec2000-7f1b96fc2000 rw-p 00000000 00:00 0                          [stack:14552]
7f1b96fc2000-7f1b96fc3000 ---p 00000000 00:00 0 
7f1b96fc3000-7f1b97116000 rw-p 00000000 00:00 0                          [stack:14551]
7f1b97116000-7f1b975ee000 ---p 00000000 00:00 0 
7f1b975ee000-7f1b97641000 rw-p 00000000 00:00 0 
7f1b97641000-7f1b97b18000 ---p 00000000 00:00 0 
7f1b97b18000-7f1b97b42000 rw-p 00000000 00:00 0 
7f1b97b42000-7f1b97dae000 ---p 00000000 00:00 0 
7f1b97dae000-7f1b97db9000 rw-p 00000000 00:00 0 
7f1b97db9000-7f1b9816f000 ---p 00000000 00:00 0 
7f1b9816f000-7f1b983df000 rwxp 00000000 00:00 0 
7f1b983df000-7f1ba716f000 ---p 00000000 00:00 0 
7f1ba716f000-7f1ba7189000 r-xp 00000000 103:05 667018                    /usr/lib/jvm/java-8-oracle/jre/lib/amd64/libzip.so
7f1ba7189000-7f1ba7389000 ---p 0001a000 103:05 667018                    /usr/lib/jvm/java-8-oracle/jre/lib/amd64/libzip.so
7f1ba7389000-7f1ba738a000 rw-p 0001a000 103:05 667018                    /usr/lib/jvm/java-8-oracle/jre/lib/amd64/libzip.so
7f1ba738a000-7f1ba7394000 r-xp 00000000 103:05 1311883                   /lib/x86_64-linux-gnu/libnss_files-2.19.so
7f1ba7394000-7f1ba7593000 ---p 0000a000 103:05 1311883                   /lib/x86_64-linux-gnu/libnss_files-2.19.so
7f1ba7593000-7f1ba7594000 r--p 00009000 103:05 1311883                   /lib/x86_64-linux-gnu/libnss_files-2.19.so
7f1ba7594000-7f1ba7595000 rw-p 0000a000 103:05 1311883                   /lib/x86_64-linux-gnu/libnss_files-2.19.so
7f1ba7595000-7f1ba75a0000 r-xp 00000000 103:05 1311846                   /lib/x86_64-linux-gnu/libnss_nis-2.19.so
7f1ba75a0000-7f1ba779f000 ---p 0000b000 103:05 1311846                   /lib/x86_64-linux-gnu/libnss_nis-2.19.so
7f1ba779f000-7f1ba77a0000 r--p 0000a000 103:05 1311846                   /lib/x86_64-linux-gnu/libnss_nis-2.19.so
7f1ba77a0000-7f1ba77a1000 rw-p 0000b000 103:05 1311846                   /lib/x86_64-linux-gnu/libnss_nis-2.19.so
7f1ba77a1000-7f1ba77b8000 r-xp 00000000 103:05 1311836                   /lib/x86_64-linux-gnu/libnsl-2.19.so
7f1ba77b8000-7f1ba79b7000 ---p 00017000 103:05 1311836                   /lib/x86_64-linux-gnu/libnsl-2.19.so
7f1ba79b7000-7f1ba79b8000 r--p 00016000 103:05 1311836                   /lib/x86_64-linux-gnu/libnsl-2.19.so
7f1ba79b8000-7f1ba79b9000 rw-p 00017000 103:05 1311836                   /lib/x86_64-linux-gnu/libnsl-2.19.so
7f1ba79b9000-7f1ba79bb000 rw-p 00000000 00:00 0 
7f1ba79bb000-7f1ba79c4000 r-xp 00000000 103:05 1311830                   /lib/x86_64-linux-gnu/libnss_compat-2.19.so
7f1ba79c4000-7f1ba7bc3000 ---p 00009000 103:05 1311830                   /lib/x86_64-linux-gnu/libnss_compat-2.19.so
7f1ba7bc3000-7f1ba7bc4000 r--p 00008000 103:05 1311830                   /lib/x86_64-linux-gnu/libnss_compat-2.19.so
7f1ba7bc4000-7f1ba7bc5000 rw-p 00009000 103:05 1311830                   /lib/x86_64-linux-gnu/libnss_compat-2.19.so
7f1ba7bc5000-7f1ba7bef000 r-xp 00000000 103:05 667012                    /usr/lib/jvm/java-8-oracle/jre/lib/amd64/libjava.so
7f1ba7bef000-7f1ba7def000 ---p 0002a000 103:05 667012                    /usr/lib/jvm/java-8-oracle/jre/lib/amd64/libjava.so
7f1ba7def000-7f1ba7df1000 rw-p 0002a000 103:05 667012                    /usr/lib/jvm/java-8-oracle/jre/lib/amd64/libjava.so
7f1ba7df1000-7f1ba7dfe000 r-xp 00000000 103:05 667052                    /usr/lib/jvm/java-8-oracle/jre/lib/amd64/libverify.so
7f1ba7dfe000-7f1ba7ffe000 ---p 0000d000 103:05 667052                    /usr/lib/jvm/java-8-oracle/jre/lib/amd64/libverify.so
7f1ba7ffe000-7f1ba8000000 rw-p 0000d000 103:05 667052                    /usr/lib/jvm/java-8-oracle/jre/lib/amd64/libverify.so
7f1ba8000000-7f1ba85c0000 rw-p 00000000 00:00 0 
7f1ba85c0000-7f1bac000000 ---p 00000000 00:00 0 
7f1bac00b000-7f1bac015000 r--s 00116000 103:05 666936                    /usr/lib/jvm/java-8-oracle/jre/lib/ext/localedata.jar
7f1bac015000-7f1bac08b000 rw-p 00000000 00:00 0 
7f1bac08b000-7f1bac08c000 ---p 00000000 00:00 0 
7f1bac08c000-7f1bac18c000 rw-p 00000000 00:00 0                          [stack:14550]
7f1bac18c000-7f1bac193000 r-xp 00000000 103:05 1311871                   /lib/x86_64-linux-gnu/librt-2.19.so
7f1bac193000-7f1bac392000 ---p 00007000 103:05 1311871                   /lib/x86_64-linux-gnu/librt-2.19.so
7f1bac392000-7f1bac393000 r--p 00006000 103:05 1311871                   /lib/x86_64-linux-gnu/librt-2.19.so
7f1bac393000-7f1bac394000 rw-p 00007000 103:05 1311871                   /lib/x86_64-linux-gnu/librt-2.19.so
7f1bac394000-7f1bac499000 r-xp 00000000 103:05 1311821                   /lib/x86_64-linux-gnu/libm-2.19.so
7f1bac499000-7f1bac698000 ---p 00105000 103:05 1311821                   /lib/x86_64-linux-gnu/libm-2.19.so
7f1bac698000-7f1bac699000 r--p 00104000 103:05 1311821                   /lib/x86_64-linux-gnu/libm-2.19.so
7f1bac699000-7f1bac69a000 rw-p 00105000 103:05 1311821                   /lib/x86_64-linux-gnu/libm-2.19.so
7f1bac69a000-7f1bad365000 r-xp 00000000 103:05 667041                    /usr/lib/jvm/java-8-oracle/jre/lib/amd64/server/libjvm.so
7f1bad365000-7f1bad564000 ---p 00ccb000 103:05 667041                    /usr/lib/jvm/java-8-oracle/jre/lib/amd64/server/libjvm.so
7f1bad564000-7f1bad63d000 rw-p 00cca000 103:05 667041                    /usr/lib/jvm/java-8-oracle/jre/lib/amd64/server/libjvm.so
7f1bad63d000-7f1bad688000 rw-p 00000000 00:00 0 
7f1bad688000-7f1bad842000 r-xp 00000000 103:05 1311872                   /lib/x86_64-linux-gnu/libc-2.19.so
7f1bad842000-7f1bada42000 ---p 001ba000 103:05 1311872                   /lib/x86_64-linux-gnu/libc-2.19.so
7f1bada42000-7f1bada46000 r--p 001ba000 103:05 1311872                   /lib/x86_64-linux-gnu/libc-2.19.so
7f1bada46000-7f1bada48000 rw-p 001be000 103:05 1311872                   /lib/x86_64-linux-gnu/libc-2.19.so
7f1bada48000-7f1bada4d000 rw-p 00000000 00:00 0 
7f1bada4d000-7f1bada50000 r-xp 00000000 103:05 1311823                   /lib/x86_64-linux-gnu/libdl-2.19.so
7f1bada50000-7f1badc4f000 ---p 00003000 103:05 1311823                   /lib/x86_64-linux-gnu/libdl-2.19.so
7f1badc4f000-7f1badc50000 r--p 00002000 103:05 1311823                   /lib/x86_64-linux-gnu/libdl-2.19.so
7f1badc50000-7f1badc51000 rw-p 00003000 103:05 1311823                   /lib/x86_64-linux-gnu/libdl-2.19.so
7f1badc51000-7f1badc66000 r-xp 00000000 103:05 666994                    /usr/lib/jvm/java-8-oracle/jre/lib/amd64/jli/libjli.so
7f1badc66000-7f1bade66000 ---p 00015000 103:05 666994                    /usr/lib/jvm/java-8-oracle/jre/lib/amd64/jli/libjli.so
7f1bade66000-7f1bade67000 rw-p 00015000 103:05 666994                    /usr/lib/jvm/java-8-oracle/jre/lib/amd64/jli/libjli.so
7f1bade67000-7f1bade80000 r-xp 00000000 103:05 1311837                   /lib/x86_64-linux-gnu/libpthread-2.19.so
7f1bade80000-7f1bae07f000 ---p 00019000 103:05 1311837                   /lib/x86_64-linux-gnu/libpthread-2.19.so
7f1bae07f000-7f1bae080000 r--p 00018000 103:05 1311837                   /lib/x86_64-linux-gnu/libpthread-2.19.so
7f1bae080000-7f1bae081000 rw-p 00019000 103:05 1311837                   /lib/x86_64-linux-gnu/libpthread-2.19.so
7f1bae081000-7f1bae085000 rw-p 00000000 00:00 0 
7f1bae085000-7f1bae0a8000 r-xp 00000000 103:05 1311842                   /lib/x86_64-linux-gnu/ld-2.19.so
7f1bae0ae000-7f1bae17f000 rw-p 00000000 00:00 0 
7f1bae17f000-7f1bae182000 ---p 00000000 00:00 0 
7f1bae182000-7f1bae284000 rw-p 00000000 00:00 0                          [stack:14549]
7f1bae28a000-7f1bae28b000 rw-p 00000000 00:00 0 
7f1bae28b000-7f1bae28c000 r--s 00003000 103:07 1180495                   /home/jared/Documents/Code Projects/NNVC/External Sources/aparapi linux/samples/mandel/mandel.jar
7f1bae28c000-7f1bae29b000 r--s 00079000 103:07 1050172                   /home/jared/Documents/Code Projects/NNVC/External Sources/aparapi linux/aparapi.jar
7f1bae29b000-7f1bae2a3000 rw-s 00000000 103:05 393241                    /tmp/hsperfdata_jared/14548
7f1bae2a3000-7f1bae2a4000 rw-p 00000000 00:00 0 
7f1bae2a4000-7f1bae2a5000 r--p 00000000 00:00 0 
7f1bae2a5000-7f1bae2a7000 rw-p 00000000 00:00 0 
7f1bae2a7000-7f1bae2a8000 r--p 00022000 103:05 1311842                   /lib/x86_64-linux-gnu/ld-2.19.so
7f1bae2a8000-7f1bae2a9000 rw-p 00023000 103:05 1311842                   /lib/x86_64-linux-gnu/ld-2.19.so
7f1bae2a9000-7f1bae2aa000 rw-p 00000000 00:00 0 
7fffbddab000-7fffbddcc000 rw-p 00000000 00:00 0                          [stack]
7fffbddd7000-7fffbddd9000 r--p 00000000 00:00 0                          [vvar]
7fffbddd9000-7fffbdddb000 r-xp 00000000 00:00 0                          [vdso]
ffffffffff600000-ffffffffff601000 r-xp 00000000 00:00 0                  [vsyscall]

VM Arguments:
jvm_args: -Djava.library.path=../.. -Dcom.amd.aparapi.executionMode= 
java_command: com.amd.aparapi.sample.mandel.Main
java_class_path (initial): ../../aparapi.jar:mandel.jar
Launcher Type: SUN_STANDARD

Environment Variables:
JAVA_HOME=/usr/lib/jvm/java-8-oracle
PATH=/usr/local/sbin:/usr/local/bin:/usr/sbin:/usr/bin:/sbin:/bin:/usr/games:/usr/local/games:/usr/lib/jvm/java-8-oracle/bin:/usr/lib/jvm/java-8-oracle/db/bin:/usr/lib/jvm/java-8-oracle/jre/bin
USERNAME=jared
SHELL=/bin/bash
DISPLAY=:0

Signal Handlers:
SIGSEGV: [libjvm.so+0xac4790], sa_mask[0]=11111111011111111101111111111110, sa_flags=SA_RESTART|SA_SIGINFO
SIGBUS: [libjvm.so+0xac4790], sa_mask[0]=11111111011111111101111111111110, sa_flags=SA_RESTART|SA_SIGINFO
SIGFPE: [libjvm.so+0x91f140], sa_mask[0]=11111111011111111101111111111110, sa_flags=SA_RESTART|SA_SIGINFO
SIGPIPE: [libjvm.so+0x91f140], sa_mask[0]=11111111011111111101111111111110, sa_flags=SA_RESTART|SA_SIGINFO
SIGXFSZ: [libjvm.so+0x91f140], sa_mask[0]=11111111011111111101111111111110, sa_flags=SA_RESTART|SA_SIGINFO
SIGILL: [libjvm.so+0x91f140], sa_mask[0]=11111111011111111101111111111110, sa_flags=SA_RESTART|SA_SIGINFO
SIGUSR1: SIG_DFL, sa_mask[0]=00000000000000000000000000000000, sa_flags=none
SIGUSR2: [libjvm.so+0x920770], sa_mask[0]=00000000000000000000000000000000, sa_flags=SA_RESTART|SA_SIGINFO
SIGHUP: [libjvm.so+0x921b70], sa_mask[0]=11111111011111111101111111111110, sa_flags=SA_RESTART|SA_SIGINFO
SIGINT: [libjvm.so+0x921b70], sa_mask[0]=11111111011111111101111111111110, sa_flags=SA_RESTART|SA_SIGINFO
SIGTERM: [libjvm.so+0x921b70], sa_mask[0]=11111111011111111101111111111110, sa_flags=SA_RESTART|SA_SIGINFO
SIGQUIT: [libjvm.so+0x921b70], sa_mask[0]=11111111011111111101111111111110, sa_flags=SA_RESTART|SA_SIGINFO


---------------  S Y S T E M  ---------------

OS:DISTRIB_ID=LinuxMint
DISTRIB_RELEASE=17.3
DISTRIB_CODENAME=rosa
DISTRIB_DESCRIPTION="Linux Mint 17.3 Rosa"

uname:Linux 3.19.0-32-generic #37~14.04.1-Ubuntu SMP Thu Oct 22 09:41:40 UTC 2015 x86_64
libc:glibc 2.19 NPTL 2.19 
rlimit: STACK 8192k, CORE 0k, NPROC 63043, NOFILE 4096, AS infinity
load average:0.12 0.21 0.23

/proc/meminfo:
MemTotal:       16247912 kB
MemFree:        10627700 kB
MemAvailable:   12840412 kB
Buffers:          196980 kB
Cached:          2383312 kB
SwapCached:            0 kB
Active:          4130720 kB
Inactive:        1184880 kB
Active(anon):    2769716 kB
Inactive(anon):   223332 kB
Active(file):    1361004 kB
Inactive(file):   961548 kB
Unevictable:           0 kB
Mlocked:               0 kB
SwapTotal:             0 kB
SwapFree:              0 kB
Dirty:             51588 kB
Writeback:             0 kB
AnonPages:       2736008 kB
Mapped:           503764 kB
Shmem:            257304 kB
Slab:             154504 kB
SReclaimable:     118192 kB
SUnreclaim:        36312 kB
KernelStack:        8848 kB
PageTables:        27680 kB
NFS_Unstable:          0 kB
Bounce:                0 kB
WritebackTmp:          0 kB
CommitLimit:     8123956 kB
Committed_AS:    5891372 kB
VmallocTotal:   34359738367 kB
VmallocUsed:      641464 kB
VmallocChunk:   34359045184 kB
HardwareCorrupted:     0 kB
AnonHugePages:   1574912 kB
CmaTotal:              0 kB
CmaFree:               0 kB
HugePages_Total:       0
HugePages_Free:        0
HugePages_Rsvd:        0
HugePages_Surp:        0
Hugepagesize:       2048 kB
DirectMap4k:      193748 kB
DirectMap2M:     8009728 kB
DirectMap1G:     8388608 kB


CPU:total 8 (4 cores per cpu, 2 threads per core) family 6 model 94 stepping 3, cmov, cx8, fxsr, mmx, sse, sse2, sse3, ssse3, sse4.1, sse4.2, popcnt, avx, avx2, aes, clmul, erms, rtm, 3dnowpref, lzcnt, ht, tsc, tscinvbit, bmi1, bmi2, adx

/proc/cpuinfo:
processor	: 0
vendor_id	: GenuineIntel
cpu family	: 6
model		: 94
model name	: Intel(R) Core(TM) i7-6700HQ CPU @ 2.60GHz
stepping	: 3
microcode	: 0x84
cpu MHz		: 1700.000
cache size	: 6144 KB
physical id	: 0
siblings	: 8
core id		: 0
cpu cores	: 4
apicid		: 0
initial apicid	: 0
fpu		: yes
fpu_exception	: yes
cpuid level	: 22
wp		: yes
flags		: fpu vme de pse tsc msr pae mce cx8 apic sep mtrr pge mca cmov pat pse36 clflush dts acpi mmx fxsr sse sse2 ss ht tm pbe syscall nx pdpe1gb rdtscp lm constant_tsc arch_perfmon pebs bts rep_good nopl xtopology nonstop_tsc aperfmperf eagerfpu pni pclmulqdq dtes64 monitor ds_cpl vmx est tm2 ssse3 fma cx16 xtpr pdcm pcid sse4_1 sse4_2 x2apic movbe popcnt tsc_deadline_timer aes xsave avx f16c rdrand lahf_lm abm 3dnowprefetch ida arat epb pln pts dtherm hwp hwp_noitfy hwp_act_window hwp_epp tpr_shadow vnmi flexpriority ept vpid fsgsbase tsc_adjust bmi1 hle avx2 smep bmi2 erms invpcid rtm mpx rdseed adx smap clflushopt xsaveopt xsavec xgetbv1
bugs		:
bogomips	: 5181.68
clflush size	: 64
cache_alignment	: 64
address sizes	: 39 bits physical, 48 bits virtual
power management:

processor	: 1
vendor_id	: GenuineIntel
cpu family	: 6
model		: 94
model name	: Intel(R) Core(TM) i7-6700HQ CPU @ 2.60GHz
stepping	: 3
microcode	: 0x84
cpu MHz		: 2601.000
cache size	: 6144 KB
physical id	: 0
siblings	: 8
core id		: 1
cpu cores	: 4
apicid		: 2
initial apicid	: 2
fpu		: yes
fpu_exception	: yes
cpuid level	: 22
wp		: yes
flags		: fpu vme de pse tsc msr pae mce cx8 apic sep mtrr pge mca cmov pat pse36 clflush dts acpi mmx fxsr sse sse2 ss ht tm pbe syscall nx pdpe1gb rdtscp lm constant_tsc arch_perfmon pebs bts rep_good nopl xtopology nonstop_tsc aperfmperf eagerfpu pni pclmulqdq dtes64 monitor ds_cpl vmx est tm2 ssse3 fma cx16 xtpr pdcm pcid sse4_1 sse4_2 x2apic movbe popcnt tsc_deadline_timer aes xsave avx f16c rdrand lahf_lm abm 3dnowprefetch ida arat epb pln pts dtherm hwp hwp_noitfy hwp_act_window hwp_epp tpr_shadow vnmi flexpriority ept vpid fsgsbase tsc_adjust bmi1 hle avx2 smep bmi2 erms invpcid rtm mpx rdseed adx smap clflushopt xsaveopt xsavec xgetbv1
bugs		:
bogomips	: 5181.68
clflush size	: 64
cache_alignment	: 64
address sizes	: 39 bits physical, 48 bits virtual
power management:

processor	: 2
vendor_id	: GenuineIntel
cpu family	: 6
model		: 94
model name	: Intel(R) Core(TM) i7-6700HQ CPU @ 2.60GHz
stepping	: 3
microcode	: 0x84
cpu MHz		: 1100.000
cache size	: 6144 KB
physical id	: 0
siblings	: 8
core id		: 2
cpu cores	: 4
apicid		: 4
initial apicid	: 4
fpu		: yes
fpu_exception	: yes
cpuid level	: 22
wp		: yes
flags		: fpu vme de pse tsc msr pae mce cx8 apic sep mtrr pge mca cmov pat pse36 clflush dts acpi mmx fxsr sse sse2 ss ht tm pbe syscall nx pdpe1gb rdtscp lm constant_tsc arch_perfmon pebs bts rep_good nopl xtopology nonstop_tsc aperfmperf eagerfpu pni pclmulqdq dtes64 monitor ds_cpl vmx est tm2 ssse3 fma cx16 xtpr pdcm pcid sse4_1 sse4_2 x2apic movbe popcnt tsc_deadline_timer aes xsave avx f16c rdrand lahf_lm abm 3dnowprefetch ida arat epb pln pts dtherm hwp hwp_noitfy hwp_act_window hwp_epp tpr_shadow vnmi flexpriority ept vpid fsgsbase tsc_adjust bmi1 hle avx2 smep bmi2 erms invpcid rtm mpx rdseed adx smap clflushopt xsaveopt xsavec xgetbv1
bugs		:
bogomips	: 5181.68
clflush size	: 64
cache_alignment	: 64
address sizes	: 39 bits physical, 48 bits virtual
power management:

processor	: 3
vendor_id	: GenuineIntel
cpu family	: 6
model		: 94
model name	: Intel(R) Core(TM) i7-6700HQ CPU @ 2.60GHz
stepping	: 3
microcode	: 0x84
cpu MHz		: 1400.000
cache size	: 6144 KB
physical id	: 0
siblings	: 8
core id		: 3
cpu cores	: 4
apicid		: 6
initial apicid	: 6
fpu		: yes
fpu_exception	: yes
cpuid level	: 22
wp		: yes
flags		: fpu vme de pse tsc msr pae mce cx8 apic sep mtrr pge mca cmov pat pse36 clflush dts acpi mmx fxsr sse sse2 ss ht tm pbe syscall nx pdpe1gb rdtscp lm constant_tsc arch_perfmon pebs bts rep_good nopl xtopology nonstop_tsc aperfmperf eagerfpu pni pclmulqdq dtes64 monitor ds_cpl vmx est tm2 ssse3 fma cx16 xtpr pdcm pcid sse4_1 sse4_2 x2apic movbe popcnt tsc_deadline_timer aes xsave avx f16c rdrand lahf_lm abm 3dnowprefetch ida arat epb pln pts dtherm hwp hwp_noitfy hwp_act_window hwp_epp tpr_shadow vnmi flexpriority ept vpid fsgsbase tsc_adjust bmi1 hle avx2 smep bmi2 erms invpcid rtm mpx rdseed adx smap clflushopt xsaveopt xsavec xgetbv1
bugs		:
bogomips	: 5181.68
clflush size	: 64
cache_alignment	: 64
address sizes	: 39 bits physical, 48 bits virtual
power management:

processor	: 4
vendor_id	: GenuineIntel
cpu family	: 6
model		: 94
model name	: Intel(R) Core(TM) i7-6700HQ CPU @ 2.60GHz
stepping	: 3
microcode	: 0x84
cpu MHz		: 2300.000
cache size	: 6144 KB
physical id	: 0
siblings	: 8
core id		: 0
cpu cores	: 4
apicid		: 1
initial apicid	: 1
fpu		: yes
fpu_exception	: yes
cpuid level	: 22
wp		: yes
flags		: fpu vme de pse tsc msr pae mce cx8 apic sep mtrr pge mca cmov pat pse36 clflush dts acpi mmx fxsr sse sse2 ss ht tm pbe syscall nx pdpe1gb rdtscp lm constant_tsc arch_perfmon pebs bts rep_good nopl xtopology nonstop_tsc aperfmperf eagerfpu pni pclmulqdq dtes64 monitor ds_cpl vmx est tm2 ssse3 fma cx16 xtpr pdcm pcid sse4_1 sse4_2 x2apic movbe popcnt tsc_deadline_timer aes xsave avx f16c rdrand lahf_lm abm 3dnowprefetch ida arat epb pln pts dtherm hwp hwp_noitfy hwp_act_window hwp_epp tpr_shadow vnmi flexpriority ept vpid fsgsbase tsc_adjust bmi1 hle avx2 smep bmi2 erms invpcid rtm mpx rdseed adx smap clflushopt xsaveopt xsavec xgetbv1
bugs		:
bogomips	: 5181.68
clflush size	: 64
cache_alignment	: 64
address sizes	: 39 bits physical, 48 bits virtual
power management:

processor	: 5
vendor_id	: GenuineIntel
cpu family	: 6
model		: 94
model name	: Intel(R) Core(TM) i7-6700HQ CPU @ 2.60GHz
stepping	: 3
microcode	: 0x84
cpu MHz		: 2500.000
cache size	: 6144 KB
physical id	: 0
siblings	: 8
core id		: 1
cpu cores	: 4
apicid		: 3
initial apicid	: 3
fpu		: yes
fpu_exception	: yes
cpuid level	: 22
wp		: yes
flags		: fpu vme de pse tsc msr pae mce cx8 apic sep mtrr pge mca cmov pat pse36 clflush dts acpi mmx fxsr sse sse2 ss ht tm pbe syscall nx pdpe1gb rdtscp lm constant_tsc arch_perfmon pebs bts rep_good nopl xtopology nonstop_tsc aperfmperf eagerfpu pni pclmulqdq dtes64 monitor ds_cpl vmx est tm2 ssse3 fma cx16 xtpr pdcm pcid sse4_1 sse4_2 x2apic movbe popcnt tsc_deadline_timer aes xsave avx f16c rdrand lahf_lm abm 3dnowprefetch ida arat epb pln pts dtherm hwp hwp_noitfy hwp_act_window hwp_epp tpr_shadow vnmi flexpriority ept vpid fsgsbase tsc_adjust bmi1 hle avx2 smep bmi2 erms invpcid rtm mpx rdseed adx smap clflushopt xsaveopt xsavec xgetbv1
bugs		:
bogomips	: 5181.68
clflush size	: 64
cache_alignment	: 64
address sizes	: 39 bits physical, 48 bits virtual
power management:

processor	: 6
vendor_id	: GenuineIntel
cpu family	: 6
model		: 94
model name	: Intel(R) Core(TM) i7-6700HQ CPU @ 2.60GHz
stepping	: 3
microcode	: 0x84
cpu MHz		: 2601.000
cache size	: 6144 KB
physical id	: 0
siblings	: 8
core id		: 2
cpu cores	: 4
apicid		: 5
initial apicid	: 5
fpu		: yes
fpu_exception	: yes
cpuid level	: 22
wp		: yes
flags		: fpu vme de pse tsc msr pae mce cx8 apic sep mtrr pge mca cmov pat pse36 clflush dts acpi mmx fxsr sse sse2 ss ht tm pbe syscall nx pdpe1gb rdtscp lm constant_tsc arch_perfmon pebs bts rep_good nopl xtopology nonstop_tsc aperfmperf eagerfpu pni pclmulqdq dtes64 monitor ds_cpl vmx est tm2 ssse3 fma cx16 xtpr pdcm pcid sse4_1 sse4_2 x2apic movbe popcnt tsc_deadline_timer aes xsave avx f16c rdrand lahf_lm abm 3dnowprefetch ida arat epb pln pts dtherm hwp hwp_noitfy hwp_act_window hwp_epp tpr_shadow vnmi flexpriority ept vpid fsgsbase tsc_adjust bmi1 hle avx2 smep bmi2 erms invpcid rtm mpx rdseed adx smap clflushopt xsaveopt xsavec xgetbv1
bugs		:
bogomips	: 5181.68
clflush size	: 64
cache_alignment	: 64
address sizes	: 39 bits physical, 48 bits virtual
power management:

processor	: 7
vendor_id	: GenuineIntel
cpu family	: 6
model		: 94
model name	: Intel(R) Core(TM) i7-6700HQ CPU @ 2.60GHz
stepping	: 3
microcode	: 0x84
cpu MHz		: 900.000
cache size	: 6144 KB
physical id	: 0
siblings	: 8
core id		: 3
cpu cores	: 4
apicid		: 7
initial apicid	: 7
fpu		: yes
fpu_exception	: yes
cpuid level	: 22
wp		: yes
flags		: fpu vme de pse tsc msr pae mce cx8 apic sep mtrr pge mca cmov pat pse36 clflush dts acpi mmx fxsr sse sse2 ss ht tm pbe syscall nx pdpe1gb rdtscp lm constant_tsc arch_perfmon pebs bts rep_good nopl xtopology nonstop_tsc aperfmperf eagerfpu pni pclmulqdq dtes64 monitor ds_cpl vmx est tm2 ssse3 fma cx16 xtpr pdcm pcid sse4_1 sse4_2 x2apic movbe popcnt tsc_deadline_timer aes xsave avx f16c rdrand lahf_lm abm 3dnowprefetch ida arat epb pln pts dtherm hwp hwp_noitfy hwp_act_window hwp_epp tpr_shadow vnmi flexpriority ept vpid fsgsbase tsc_adjust bmi1 hle avx2 smep bmi2 erms invpcid rtm mpx rdseed adx smap clflushopt xsaveopt xsavec xgetbv1
bugs		:
bogomips	: 5181.68
clflush size	: 64
cache_alignment	: 64
address sizes	: 39 bits physical, 48 bits virtual
power management:



Memory: 4k page, physical 16247912k(10627700k free), swap 0k(0k free)

vm_info: Java HotSpot(TM) 64-Bit Server VM (25.101-b13) for linux-amd64 JRE (1.8.0_101-b13), built on Jun 22 2016 02:59:44 by "java_re" with gcc 4.3.0 20080428 (Red Hat 4.3.0-8)

time: Thu Aug 18 20:06:58 2016
elapsed time: 0 seconds (0d 0h 0m 0s)

