#
# A fatal error has been detected by the Java Runtime Environment:
#
#  SIGSEGV (0xb) at pc=0x00007f9b1a22dafc, pid=26942, tid=0x00007f9b1b734700
#
# JRE version: Java(TM) SE Runtime Environment (8.0_101-b13) (build 1.8.0_101-b13)
# Java VM: Java HotSpot(TM) 64-Bit Server VM (25.101-b13 mixed mode linux-amd64 compressed oops)
# Problematic frame:
# V  [libjvm.so+0x6deafc]  jni_GetObjectClass+0xbc
#
# Failed to write core dump. Core dumps have been disabled. To enable core dumping, try "ulimit -c unlimited" before starting Java again
#
# If you would like to submit a bug report, please visit:
#   http://bugreport.java.com/bugreport/crash.jsp
#

---------------  T H R E A D  ---------------

Current thread (0x00007f9b14009800):  JavaThread "main" [_thread_in_vm, id=26943, stack(0x00007f9b1b634000,0x00007f9b1b735000)]

siginfo: si_signo: 11 (SIGSEGV), si_code: 1 (SEGV_MAPERR), si_addr: 0x0000000000000000

Registers:
RAX=0x00007f9b1ab01059, RBX=0x00007f9b14009800, RCX=0x00007f9aee1d7be8, RDX=0x00007f9b1ab0c0f0
RSP=0x00007f9b1b7332f0, RBP=0x00007f9b1b733350, RSI=0x00007f9b14009800, RDI=0x00007f9b1b7332f0
R8 =0x00007f9b1ab0c100, R9 =0x00007f9b14000078, R10=0x00007f9b1b733200, R11=0x00007f9aee1c84c0
R12=0x00007f9b1b7332f0, R13=0x00007f9b140099f8, R14=0x0000000000000000, R15=0x00007f9b1ab10e80
RIP=0x00007f9b1a22dafc, EFLAGS=0x0000000000010246, CSGSFS=0x0000000000000033, ERR=0x0000000000000004
  TRAPNO=0x000000000000000e

Top of Stack: (sp=0x00007f9b1b7332f0)
0x00007f9b1b7332f0:   00007f9b14009800 0000000000000000
0x00007f9b1b733300:   00000000ffffffff 0000000000000000
0x00007f9b1b733310:   00007f9b14009800 00007f9b142ba2f0
0x00007f9b1b733320:   00007f9b142ba2f0 00007f9b140099f8
0x00007f9b1b733330:   00007f9b1b7335d0 0000000000000000
0x00007f9b1b733340:   00007f9aee1d7be8 00007f9b1432fd70
0x00007f9b1b733350:   00007f9aee1d7f74 00007f9aee1c84fa
0x00007f9b1b733360:   00007f9b1b7333b0 00007f9b140062b0
0x00007f9b1b733370:   0000000000000000 00007f9aee3de418
0x00007f9b1b733380:   0000000000000000 0000000000000000
0x00007f9b1b733390:   00007f9b1b7335d0 00007f9b1432fd70
0x00007f9b1b7333a0:   00007f9b140099f8 00007f9b1b549527
0x00007f9b1b7333b0:   00007f9b00000005 0000000000000000
0x00007f9b1b7333c0:   00007f9b1b733430 00007f9aee1b67c8
0x00007f9b1b7333d0:   00007f9b14203ed0 00007f9b140099f8
0x00007f9b1b7333e0:   00007f9b1b7335d0 00007f9b1b5504d5
0x00007f9b1b7333f0:   0000000000000004 00007f9aee1d7be8
0x00007f9b1b733400:   00007f9aee1d7f74 00007f9b14203ed0
0x00007f9b1b733410:   00007f9b140099f8 00007f9b1b7335d0
0x00007f9b1b733420:   0000000000000000 00007f9b1b7335d0
0x00007f9b1b733430:   00007f9b1432fd70 00007f9aee1c8f6d
0x00007f9b1b733440:   00007f9b1b7335d0 00007f9b1432fd70
0x00007f9b1b733450:   0000000000000000 00007f9b1b549527
0x00007f9b1b733460:   00007f9b00000005 0000000000000000
0x00007f9b1b733470:   00007f9b140099f8 00007f9aee1b58e0
0x00007f9b1b733480:   00007f9b14203ed0 0000000000000000
0x00007f9b1b733490:   00007f9b140099f8 00007f9b1b5504d5
0x00007f9b1b7334a0:   00007f9b14203ed0 0000000000000000
0x00007f9b1b7334b0:   00007f9b1b7335d0 00007f9b14203ed0
0x00007f9b1b7334c0:   0000000000000000 00007f9b140099f8
0x00007f9b1b7334d0:   0000000000000004 00007f9b1b7335d0
0x00007f9b1b7334e0:   00007f9b1432fd70 00007f9aee1bedd1 

Instructions: (pc=0x00007f9b1a22dafc)
0x00007f9b1a22dadc:   c7 83 70 02 00 00 06 00 00 00 48 89 de 48 89 5d
0x00007f9b1a22daec:   c0 4c 89 e7 e8 9b 22 01 00 48 8b 05 4c 25 89 00
0x00007f9b1a22dafc:   49 8b 16 80 38 00 0f 85 b0 00 00 00 48 8b 52 08
0x00007f9b1a22db0c:   48 8b 72 68 4c 89 ef e8 98 ee 02 00 48 83 7d a8 

Register to memory mapping:

RAX=0x00007f9b1ab01059: <offset 0xfb2059> in /usr/lib/jvm/java-8-oracle/jre/lib/amd64/server/libjvm.so at 0x00007f9b19b4f000
RBX=0x00007f9b14009800 is a thread
RCX=0x00007f9aee1d7be8: <offset 0x23be8> in /home/jared/Documents/Code Projects/NNVC/External Sources/aparapi linux/libaparapi_x86_64.so at 0x00007f9aee1b4000
RDX=0x00007f9b1ab0c0f0: <offset 0xfbd0f0> in /usr/lib/jvm/java-8-oracle/jre/lib/amd64/server/libjvm.so at 0x00007f9b19b4f000
RSP=0x00007f9b1b7332f0 is pointing into the stack for thread: 0x00007f9b14009800
RBP=0x00007f9b1b733350 is pointing into the stack for thread: 0x00007f9b14009800
RSI=0x00007f9b14009800 is a thread
RDI=0x00007f9b1b7332f0 is pointing into the stack for thread: 0x00007f9b14009800
R8 =0x00007f9b1ab0c100: <offset 0xfbd100> in /usr/lib/jvm/java-8-oracle/jre/lib/amd64/server/libjvm.so at 0x00007f9b19b4f000
R9 =0x00007f9b14000078 is an unknown value
R10=0x00007f9b1b733200 is pointing into the stack for thread: 0x00007f9b14009800
R11=0x00007f9aee1c84c0: _ZN9JNIHelper16getInstanceFieldIP8_jobjectEET_P7JNIEnv_S2_PKcS7_+0 in /home/jared/Documents/Code Projects/NNVC/External Sources/aparapi linux/libaparapi_x86_64.so at 0x00007f9aee1b4000
R12=0x00007f9b1b7332f0 is pointing into the stack for thread: 0x00007f9b14009800
R13=0x00007f9b140099f8 is an unknown value
R14=0x0000000000000000 is an unknown value
R15=0x00007f9b1ab10e80: <offset 0xfc1e80> in /usr/lib/jvm/java-8-oracle/jre/lib/amd64/server/libjvm.so at 0x00007f9b19b4f000


Stack: [0x00007f9b1b634000,0x00007f9b1b735000],  sp=0x00007f9b1b7332f0,  free space=1020k
Native frames: (J=compiled Java code, j=interpreted, Vv=VM code, C=native code)
V  [libjvm.so+0x6deafc]  jni_GetObjectClass+0xbc
C  [libaparapi_x86_64.so+0x144fa]  _jobject* JNIHelper::getInstanceField<_jobject*>(JNIEnv_*, _jobject*, char const*, char const*)+0x3a

Java frames: (J=compiled Java code, j=interpreted, Vv=VM code)
j  com.amd.aparapi.internal.jni.KernelRunnerJNI.initJNI(Lcom/amd/aparapi/Kernel;Lcom/amd/aparapi/device/OpenCLDevice;I)J+0
j  com.amd.aparapi.internal.kernel.KernelRunner.execute(Ljava/lang/String;Lcom/amd/aparapi/Range;I)Lcom/amd/aparapi/Kernel;+251
j  com.amd.aparapi.Kernel.execute(Ljava/lang/String;Lcom/amd/aparapi/Range;I)Lcom/amd/aparapi/Kernel;+26
j  com.amd.aparapi.Kernel.execute(Lcom/amd/aparapi/Range;I)Lcom/amd/aparapi/Kernel;+5
j  com.amd.aparapi.Kernel.execute(Lcom/amd/aparapi/Range;)Lcom/amd/aparapi/Kernel;+3
j  com.amd.aparapi.sample.mandel.Main2D.main([Ljava/lang/String;)V+223
v  ~StubRoutines::call_stub

---------------  P R O C E S S  ---------------

Java Threads: ( => current thread )
  0x00007f9b142a7000 JavaThread "AWT-EventQueue-0" [_thread_blocked, id=26965, stack(0x00007f9aee3df000,0x00007f9aee4e0000)]
  0x00007f9b142a3800 JavaThread "AWT-Shutdown" [_thread_blocked, id=26964, stack(0x00007f9aee4e0000,0x00007f9aee5e1000)]
  0x00007f9b1425c800 JavaThread "AWT-XAWT" daemon [_thread_in_native, id=26963, stack(0x00007f9aee5e1000,0x00007f9aee6e2000)]
  0x00007f9b14236000 JavaThread "Java2D Disposer" daemon [_thread_blocked, id=26962, stack(0x00007f9aeeaf2000,0x00007f9aeebf3000)]
  0x00007f9b140d3000 JavaThread "Service Thread" daemon [_thread_blocked, id=26960, stack(0x00007f9af486c000,0x00007f9af496d000)]
  0x00007f9b140c8000 JavaThread "C1 CompilerThread3" daemon [_thread_blocked, id=26959, stack(0x00007f9af496d000,0x00007f9af4a6e000)]
  0x00007f9b140c5800 JavaThread "C2 CompilerThread2" daemon [_thread_blocked, id=26958, stack(0x00007f9af4a6e000,0x00007f9af4b6f000)]
  0x00007f9b140c4000 JavaThread "C2 CompilerThread1" daemon [_thread_blocked, id=26957, stack(0x00007f9af4b6f000,0x00007f9af4c70000)]
  0x00007f9b140c1000 JavaThread "C2 CompilerThread0" daemon [_thread_blocked, id=26956, stack(0x00007f9af4c70000,0x00007f9af4d71000)]
  0x00007f9b140bf800 JavaThread "Signal Dispatcher" daemon [_thread_blocked, id=26955, stack(0x00007f9af4d71000,0x00007f9af4e72000)]
  0x00007f9b1408c000 JavaThread "Finalizer" daemon [_thread_blocked, id=26954, stack(0x00007f9af513b000,0x00007f9af523c000)]
  0x00007f9b14087800 JavaThread "Reference Handler" daemon [_thread_blocked, id=26953, stack(0x00007f9af523c000,0x00007f9af533d000)]
=>0x00007f9b14009800 JavaThread "main" [_thread_in_vm, id=26943, stack(0x00007f9b1b634000,0x00007f9b1b735000)]

Other Threads:
  0x00007f9b14080000 VMThread [stack: 0x00007f9af533d000,0x00007f9af543e000] [id=26952]
  0x00007f9b140d5800 WatcherThread [stack: 0x00007f9af476b000,0x00007f9af486c000] [id=26961]

VM state:not at safepoint (normal execution)

VM Mutex/Monitor currently owned by a thread: None

Heap:
 PSYoungGen      total 74240K, used 19971K [0x000000076d580000, 0x0000000772800000, 0x00000007c0000000)
  eden space 64000K, 31% used [0x000000076d580000,0x000000076e900f18,0x0000000771400000)
  from space 10240K, 0% used [0x0000000771e00000,0x0000000771e00000,0x0000000772800000)
  to   space 10240K, 0% used [0x0000000771400000,0x0000000771400000,0x0000000771e00000)
 ParOldGen       total 169472K, used 0K [0x00000006c8000000, 0x00000006d2580000, 0x000000076d580000)
  object space 169472K, 0% used [0x00000006c8000000,0x00000006c8000000,0x00000006d2580000)
 Metaspace       used 11019K, capacity 11158K, committed 11392K, reserved 1058816K
  class space    used 1450K, capacity 1541K, committed 1664K, reserved 1048576K

Card table byte_map: [0x00007f9b0483f000,0x00007f9b05000000] byte_map_base: 0x00007f9b011ff000

Marking Bits: (ParMarkBitMap*) 0x00007f9b1ab10120
 Begin Bits: [0x00007f9afc20f000, 0x00007f9b0000f000)
 End Bits:   [0x00007f9b0000f000, 0x00007f9b03e0f000)

Polling page: 0x00007f9b1b759000

CodeCache: size=245760Kb used=2465Kb max_used=2465Kb free=243294Kb
 bounds [0x00007f9b05000000, 0x00007f9b05270000, 0x00007f9b14000000]
 total_blobs=1160 nmethods=672 adapters=402
 compilation: enabled

Compilation events (10 events):
Event: 0.364 Thread 0x00007f9b140c4000 nmethod 661 0x00007f9b0525c710 code [0x00007f9b0525c880, 0x00007f9b0525cad8]
Event: 0.365 Thread 0x00007f9b140c8000 nmethod 668 0x00007f9b05262ed0 code [0x00007f9b052632c0, 0x00007f9b052659a8]
Event: 0.365 Thread 0x00007f9b140c8000  669       3       sun.net.www.protocol.jar.Handler::indexOfBangSlash (52 bytes)
Event: 0.365 Thread 0x00007f9b140c8000 nmethod 669 0x00007f9b0525d690 code [0x00007f9b0525d840, 0x00007f9b0525df78]
Event: 0.365 Thread 0x00007f9b140c8000  670       3       sun.net.www.ParseUtil::<init> (5 bytes)
Event: 0.365 Thread 0x00007f9b140c8000 nmethod 670 0x00007f9b0525d2d0 code [0x00007f9b0525d440, 0x00007f9b0525d5f0]
Event: 0.365 Thread 0x00007f9b140c8000  671       3       sun.net.www.ParseUtil::canonizeString (195 bytes)
Event: 0.366 Thread 0x00007f9b140c8000 nmethod 671 0x00007f9b05266b90 code [0x00007f9b05266f60, 0x00007f9b052693a8]
Event: 0.366 Thread 0x00007f9b140c8000  672  s    3       java.util.jar.JarFile::getInputStream (89 bytes)
Event: 0.367 Thread 0x00007f9b140c8000 nmethod 672 0x00007f9b05261e10 code [0x00007f9b05262020, 0x00007f9b05262b98]

GC Heap History (0 events):
No events

Deoptimization events (0 events):
No events

Internal exceptions (10 events):
Event: 0.028 Thread 0x00007f9b14009800 Exception <a 'java/lang/NoSuchMethodError': Method sun.misc.Unsafe.prefetchRead(Ljava/lang/Object;J)V name or signature does not match> (0x000000076d587fa8) thrown at [/HUDSON3/workspace/8-2-build-linux-amd64/jdk8u101/7261/hotspot/src/share/vm/prims/jni.c
Event: 0.067 Thread 0x00007f9b14009800 Exception <a 'java/security/PrivilegedActionException'> (0x000000076d609280) thrown at [/HUDSON3/workspace/8-2-build-linux-amd64/jdk8u101/7261/hotspot/src/share/vm/prims/jvm.cpp, line 1386]
Event: 0.067 Thread 0x00007f9b14009800 Exception <a 'java/security/PrivilegedActionException'> (0x000000076d609490) thrown at [/HUDSON3/workspace/8-2-build-linux-amd64/jdk8u101/7261/hotspot/src/share/vm/prims/jvm.cpp, line 1386]
Event: 0.068 Thread 0x00007f9b14009800 Exception <a 'java/security/PrivilegedActionException'> (0x000000076d60b9c0) thrown at [/HUDSON3/workspace/8-2-build-linux-amd64/jdk8u101/7261/hotspot/src/share/vm/prims/jvm.cpp, line 1386]
Event: 0.068 Thread 0x00007f9b14009800 Exception <a 'java/security/PrivilegedActionException'> (0x000000076d60bbd0) thrown at [/HUDSON3/workspace/8-2-build-linux-amd64/jdk8u101/7261/hotspot/src/share/vm/prims/jvm.cpp, line 1386]
Event: 0.098 Thread 0x00007f9b14009800 Exception <a 'java/lang/NoSuchFieldError': method resolution failed> (0x000000076d817cf8) thrown at [/HUDSON3/workspace/8-2-build-linux-amd64/jdk8u101/7261/hotspot/src/share/vm/prims/methodHandles.cpp, line 1146]
Event: 0.099 Thread 0x00007f9b14009800 Exception <a 'java/lang/NoSuchFieldError': method resolution failed> (0x000000076d8254c8) thrown at [/HUDSON3/workspace/8-2-build-linux-amd64/jdk8u101/7261/hotspot/src/share/vm/prims/methodHandles.cpp, line 1146]
Event: 0.113 Thread 0x00007f9b14009800 Exception <a 'java/io/FileNotFoundException'> (0x000000076d8a4980) thrown at [/HUDSON3/workspace/8-2-build-linux-amd64/jdk8u101/7261/hotspot/src/share/vm/prims/jni.cpp, line 709]
Event: 0.113 Thread 0x00007f9b14009800 Exception <a 'java/io/FileNotFoundException'> (0x000000076d8a5330) thrown at [/HUDSON3/workspace/8-2-build-linux-amd64/jdk8u101/7261/hotspot/src/share/vm/prims/jni.cpp, line 709]
Event: 0.293 Thread 0x00007f9b142a7000 Exception <a 'java/lang/UnsupportedOperationException': > (0x000000076e053860) thrown at [/HUDSON3/workspace/8-2-build-linux-amd64/jdk8u101/7261/hotspot/src/share/vm/prims/jni.cpp, line 735]

Events (10 events):
Event: 0.362 loading class com/amd/aparapi/device/Device
Event: 0.362 loading class com/amd/aparapi/device/Device done
Event: 0.363 loading class com/amd/aparapi/device/OpenCLDevice$DeviceComparitor
Event: 0.363 loading class com/amd/aparapi/device/OpenCLDevice$DeviceComparitor done
Event: 0.363 loading class com/amd/aparapi/device/OpenCLDevice$DeviceSelector
Event: 0.363 loading class com/amd/aparapi/device/OpenCLDevice$DeviceSelector done
Event: 0.363 loading class com/amd/aparapi/device/Device$1
Event: 0.363 loading class com/amd/aparapi/device/Device$1 done
Event: 0.364 loading class com/amd/aparapi/internal/opencl/OpenCLPlatform
Event: 0.364 loading class com/amd/aparapi/internal/opencl/OpenCLPlatform done


Dynamic libraries:
00400000-00401000 r-xp 00000000 103:05 666720                            /usr/lib/jvm/java-8-oracle/jre/bin/java
00600000-00601000 rw-p 00000000 103:05 666720                            /usr/lib/jvm/java-8-oracle/jre/bin/java
0231d000-0233e000 rw-p 00000000 00:00 0                                  [heap]
6c8000000-6d2580000 rw-p 00000000 00:00 0 
6d2580000-76d580000 ---p 00000000 00:00 0 
76d580000-772800000 rw-p 00000000 00:00 0 
772800000-7c0000000 ---p 00000000 00:00 0 
7c0000000-7c01a0000 rw-p 00000000 00:00 0 
7c01a0000-800000000 ---p 00000000 00:00 0 
7f9a88000000-7f9a881a8000 rw-p 00000000 00:00 0 
7f9a881a8000-7f9a8c000000 ---p 00000000 00:00 0 
7f9a90000000-7f9a90021000 rw-p 00000000 00:00 0 
7f9a90021000-7f9a94000000 ---p 00000000 00:00 0 
7f9a94000000-7f9a94021000 rw-p 00000000 00:00 0 
7f9a94021000-7f9a98000000 ---p 00000000 00:00 0 
7f9a98000000-7f9a98021000 rw-p 00000000 00:00 0 
7f9a98021000-7f9a9c000000 ---p 00000000 00:00 0 
7f9a9c000000-7f9a9c021000 rw-p 00000000 00:00 0 
7f9a9c021000-7f9aa0000000 ---p 00000000 00:00 0 
7f9aa0000000-7f9aa01d3000 rw-p 00000000 00:00 0 
7f9aa01d3000-7f9aa4000000 ---p 00000000 00:00 0 
7f9aa4000000-7f9aa4021000 rw-p 00000000 00:00 0 
7f9aa4021000-7f9aa8000000 ---p 00000000 00:00 0 
7f9aa8000000-7f9aa8066000 rw-p 00000000 00:00 0 
7f9aa8066000-7f9aac000000 ---p 00000000 00:00 0 
7f9aac000000-7f9aac0b4000 rw-p 00000000 00:00 0 
7f9aac0b4000-7f9ab0000000 ---p 00000000 00:00 0 
7f9ab0000000-7f9ab0021000 rw-p 00000000 00:00 0 
7f9ab0021000-7f9ab4000000 ---p 00000000 00:00 0 
7f9ab4000000-7f9ab404d000 rw-p 00000000 00:00 0 
7f9ab404d000-7f9ab8000000 ---p 00000000 00:00 0 
7f9ab8000000-7f9ab8021000 rw-p 00000000 00:00 0 
7f9ab8021000-7f9abc000000 ---p 00000000 00:00 0 
7f9abc000000-7f9abc021000 rw-p 00000000 00:00 0 
7f9abc021000-7f9ac0000000 ---p 00000000 00:00 0 
7f9ac0000000-7f9ac0021000 rw-p 00000000 00:00 0 
7f9ac0021000-7f9ac4000000 ---p 00000000 00:00 0 
7f9ac4000000-7f9ac4021000 rw-p 00000000 00:00 0 
7f9ac4021000-7f9ac8000000 ---p 00000000 00:00 0 
7f9ac8000000-7f9ac8021000 rw-p 00000000 00:00 0 
7f9ac8021000-7f9acc000000 ---p 00000000 00:00 0 
7f9ad0000000-7f9ad0021000 rw-p 00000000 00:00 0 
7f9ad0021000-7f9ad4000000 ---p 00000000 00:00 0 
7f9ad8000000-7f9ad8021000 rw-p 00000000 00:00 0 
7f9ad8021000-7f9adc000000 ---p 00000000 00:00 0 
7f9ae0000000-7f9ae0021000 rw-p 00000000 00:00 0 
7f9ae0021000-7f9ae4000000 ---p 00000000 00:00 0 
7f9ae8000000-7f9ae8021000 rw-p 00000000 00:00 0 
7f9ae8021000-7f9aec000000 ---p 00000000 00:00 0 
7f9aed845000-7f9aed9c5000 rw-p 00000000 00:00 0 
7f9aed9c5000-7f9aeda45000 ---p 00000000 00:00 0 
7f9aeda45000-7f9aedc85000 rw-s 00000000 00:05 28344333                   /SYSV00000000 (deleted)
7f9aedc85000-7f9aedd6b000 r-xp 00000000 103:05 655778                    /usr/lib/x86_64-linux-gnu/libstdc++.so.6.0.19
7f9aedd6b000-7f9aedf6a000 ---p 000e6000 103:05 655778                    /usr/lib/x86_64-linux-gnu/libstdc++.so.6.0.19
7f9aedf6a000-7f9aedf72000 r--p 000e5000 103:05 655778                    /usr/lib/x86_64-linux-gnu/libstdc++.so.6.0.19
7f9aedf72000-7f9aedf74000 rw-p 000ed000 103:05 655778                    /usr/lib/x86_64-linux-gnu/libstdc++.so.6.0.19
7f9aedf74000-7f9aedf89000 rw-p 00000000 00:00 0 
7f9aedf89000-7f9aedf92000 r-xp 00000000 103:05 524407                    /opt/intel/intel-opencl-1.2-6.2.0.1760/opencl-1.2-sdk-6.2.0.1760/lib64/libOpenCL.so.2.0
7f9aedf92000-7f9aee191000 ---p 00009000 103:05 524407                    /opt/intel/intel-opencl-1.2-6.2.0.1760/opencl-1.2-sdk-6.2.0.1760/lib64/libOpenCL.so.2.0
7f9aee191000-7f9aee192000 r--p 00008000 103:05 524407                    /opt/intel/intel-opencl-1.2-6.2.0.1760/opencl-1.2-sdk-6.2.0.1760/lib64/libOpenCL.so.2.0
7f9aee192000-7f9aee193000 rw-p 00009000 103:05 524407                    /opt/intel/intel-opencl-1.2-6.2.0.1760/opencl-1.2-sdk-6.2.0.1760/lib64/libOpenCL.so.2.0
7f9aee1b4000-7f9aee1de000 r-xp 00000000 103:07 1050173                   /home/jared/Documents/Code Projects/NNVC/External Sources/aparapi linux/libaparapi_x86_64.so
7f9aee1de000-7f9aee3de000 ---p 0002a000 103:07 1050173                   /home/jared/Documents/Code Projects/NNVC/External Sources/aparapi linux/libaparapi_x86_64.so
7f9aee3de000-7f9aee3df000 rw-p 0002a000 103:07 1050173                   /home/jared/Documents/Code Projects/NNVC/External Sources/aparapi linux/libaparapi_x86_64.so
7f9aee3df000-7f9aee3e2000 ---p 00000000 00:00 0 
7f9aee3e2000-7f9aee4e0000 rw-p 00000000 00:00 0                          [stack:26965]
7f9aee4e0000-7f9aee4e3000 ---p 00000000 00:00 0 
7f9aee4e3000-7f9aee5e1000 rw-p 00000000 00:00 0                          [stack:26964]
7f9aee5e1000-7f9aee5e4000 ---p 00000000 00:00 0 
7f9aee5e4000-7f9aee6e2000 rw-p 00000000 00:00 0                          [stack:26963]
7f9aee6e2000-7f9aee6e7000 r-xp 00000000 103:05 665055                    /usr/lib/x86_64-linux-gnu/libXfixes.so.3.1.0
7f9aee6e7000-7f9aee8e6000 ---p 00005000 103:05 665055                    /usr/lib/x86_64-linux-gnu/libXfixes.so.3.1.0
7f9aee8e6000-7f9aee8e7000 r--p 00004000 103:05 665055                    /usr/lib/x86_64-linux-gnu/libXfixes.so.3.1.0
7f9aee8e7000-7f9aee8e8000 rw-p 00005000 103:05 665055                    /usr/lib/x86_64-linux-gnu/libXfixes.so.3.1.0
7f9aee8e8000-7f9aee8f1000 r-xp 00000000 103:05 665047                    /usr/lib/x86_64-linux-gnu/libXcursor.so.1.0.2
7f9aee8f1000-7f9aeeaf0000 ---p 00009000 103:05 665047                    /usr/lib/x86_64-linux-gnu/libXcursor.so.1.0.2
7f9aeeaf0000-7f9aeeaf1000 r--p 00008000 103:05 665047                    /usr/lib/x86_64-linux-gnu/libXcursor.so.1.0.2
7f9aeeaf1000-7f9aeeaf2000 rw-p 00009000 103:05 665047                    /usr/lib/x86_64-linux-gnu/libXcursor.so.1.0.2
7f9aeeaf2000-7f9aeeaf5000 ---p 00000000 00:00 0 
7f9aeeaf5000-7f9aeebf3000 rw-p 00000000 00:00 0                          [stack:26962]
7f9aeebf3000-7f9aeec09000 r-xp 00000000 103:05 1311856                   /lib/x86_64-linux-gnu/libgcc_s.so.1
7f9aeec09000-7f9aeee08000 ---p 00016000 103:05 1311856                   /lib/x86_64-linux-gnu/libgcc_s.so.1
7f9aeee08000-7f9aeee09000 rw-p 00015000 103:05 1311856                   /lib/x86_64-linux-gnu/libgcc_s.so.1
7f9aeee09000-7f9aeee6e000 r-xp 00000000 103:05 667001                    /usr/lib/jvm/java-8-oracle/jre/lib/amd64/libfontmanager.so
7f9aeee6e000-7f9aef06d000 ---p 00065000 103:05 667001                    /usr/lib/jvm/java-8-oracle/jre/lib/amd64/libfontmanager.so
7f9aef06d000-7f9aef072000 rw-p 00064000 103:05 667001                    /usr/lib/jvm/java-8-oracle/jre/lib/amd64/libfontmanager.so
7f9aef072000-7f9aef082000 rw-p 00000000 00:00 0 
7f9aef082000-7f9aef087000 r-xp 00000000 103:05 665051                    /usr/lib/x86_64-linux-gnu/libXdmcp.so.6.0.0
7f9aef087000-7f9aef286000 ---p 00005000 103:05 665051                    /usr/lib/x86_64-linux-gnu/libXdmcp.so.6.0.0
7f9aef286000-7f9aef287000 r--p 00004000 103:05 665051                    /usr/lib/x86_64-linux-gnu/libXdmcp.so.6.0.0
7f9aef287000-7f9aef288000 rw-p 00005000 103:05 665051                    /usr/lib/x86_64-linux-gnu/libXdmcp.so.6.0.0
7f9aef288000-7f9aef28a000 r-xp 00000000 103:05 665040                    /usr/lib/x86_64-linux-gnu/libXau.so.6.0.0
7f9aef28a000-7f9aef48a000 ---p 00002000 103:05 665040                    /usr/lib/x86_64-linux-gnu/libXau.so.6.0.0
7f9aef48a000-7f9aef48b000 r--p 00002000 103:05 665040                    /usr/lib/x86_64-linux-gnu/libXau.so.6.0.0
7f9aef48b000-7f9aef48c000 rw-p 00003000 103:05 665040                    /usr/lib/x86_64-linux-gnu/libXau.so.6.0.0
7f9aef48c000-7f9aef4a9000 r-xp 00000000 103:05 666259                    /usr/lib/x86_64-linux-gnu/libxcb.so.1.1.0
7f9aef4a9000-7f9aef6a9000 ---p 0001d000 103:05 666259                    /usr/lib/x86_64-linux-gnu/libxcb.so.1.1.0
7f9aef6a9000-7f9aef6aa000 r--p 0001d000 103:05 666259                    /usr/lib/x86_64-linux-gnu/libxcb.so.1.1.0
7f9aef6aa000-7f9aef6ab000 rw-p 0001e000 103:05 666259                    /usr/lib/x86_64-linux-gnu/libxcb.so.1.1.0
7f9aef6ab000-7f9aef6ba000 r-xp 00000000 103:05 665061                    /usr/lib/x86_64-linux-gnu/libXi.so.6.1.0
7f9aef6ba000-7f9aef8b9000 ---p 0000f000 103:05 665061                    /usr/lib/x86_64-linux-gnu/libXi.so.6.1.0
7f9aef8b9000-7f9aef8ba000 r--p 0000e000 103:05 665061                    /usr/lib/x86_64-linux-gnu/libXi.so.6.1.0
7f9aef8ba000-7f9aef8bb000 rw-p 0000f000 103:05 665061                    /usr/lib/x86_64-linux-gnu/libXi.so.6.1.0
7f9aef8bb000-7f9aef8c0000 r-xp 00000000 103:05 665081                    /usr/lib/x86_64-linux-gnu/libXtst.so.6.1.0
7f9aef8c0000-7f9aefabf000 ---p 00005000 103:05 665081                    /usr/lib/x86_64-linux-gnu/libXtst.so.6.1.0
7f9aefabf000-7f9aefac0000 r--p 00004000 103:05 665081                    /usr/lib/x86_64-linux-gnu/libXtst.so.6.1.0
7f9aefac0000-7f9aefac1000 rw-p 00005000 103:05 665081                    /usr/lib/x86_64-linux-gnu/libXtst.so.6.1.0
7f9aefac1000-7f9aefaca000 r-xp 00000000 103:05 665075                    /usr/lib/x86_64-linux-gnu/libXrender.so.1.3.0
7f9aefaca000-7f9aefcc9000 ---p 00009000 103:05 665075                    /usr/lib/x86_64-linux-gnu/libXrender.so.1.3.0
7f9aefcc9000-7f9aefcca000 r--p 00008000 103:05 665075                    /usr/lib/x86_64-linux-gnu/libXrender.so.1.3.0
7f9aefcca000-7f9aefccb000 rw-p 00009000 103:05 665075                    /usr/lib/x86_64-linux-gnu/libXrender.so.1.3.0
7f9aefccb000-7f9aefdfb000 r-xp 00000000 103:05 665036                    /usr/lib/x86_64-linux-gnu/libX11.so.6.3.0
7f9aefdfb000-7f9aefffb000 ---p 00130000 103:05 665036                    /usr/lib/x86_64-linux-gnu/libX11.so.6.3.0
7f9aefffb000-7f9aefffc000 r--p 00130000 103:05 665036                    /usr/lib/x86_64-linux-gnu/libX11.so.6.3.0
7f9aefffc000-7f9af0000000 rw-p 00131000 103:05 665036                    /usr/lib/x86_64-linux-gnu/libX11.so.6.3.0
7f9af0000000-7f9af0021000 rw-p 00000000 00:00 0 
7f9af0021000-7f9af4000000 ---p 00000000 00:00 0 
7f9af400d000-7f9af401e000 r-xp 00000000 103:05 665053                    /usr/lib/x86_64-linux-gnu/libXext.so.6.4.0
7f9af401e000-7f9af421d000 ---p 00011000 103:05 665053                    /usr/lib/x86_64-linux-gnu/libXext.so.6.4.0
7f9af421d000-7f9af421e000 r--p 00010000 103:05 665053                    /usr/lib/x86_64-linux-gnu/libXext.so.6.4.0
7f9af421e000-7f9af421f000 rw-p 00011000 103:05 665053                    /usr/lib/x86_64-linux-gnu/libXext.so.6.4.0
7f9af4224000-7f9af4240000 r--s 00393000 103:05 666933                    /usr/lib/jvm/java-8-oracle/jre/lib/ext/cldrdata.jar
7f9af4240000-7f9af4294000 r-xp 00000000 103:05 667026                    /usr/lib/jvm/java-8-oracle/jre/lib/amd64/libawt_xawt.so
7f9af4294000-7f9af4494000 ---p 00054000 103:05 667026                    /usr/lib/jvm/java-8-oracle/jre/lib/amd64/libawt_xawt.so
7f9af4494000-7f9af4498000 rw-p 00054000 103:05 667026                    /usr/lib/jvm/java-8-oracle/jre/lib/amd64/libawt_xawt.so
7f9af4498000-7f9af4499000 rw-p 00000000 00:00 0 
7f9af4499000-7f9af453b000 r-xp 00000000 103:05 667020                    /usr/lib/jvm/java-8-oracle/jre/lib/amd64/libawt.so
7f9af453b000-7f9af473b000 ---p 000a2000 103:05 667020                    /usr/lib/jvm/java-8-oracle/jre/lib/amd64/libawt.so
7f9af473b000-7f9af4747000 rw-p 000a2000 103:05 667020                    /usr/lib/jvm/java-8-oracle/jre/lib/amd64/libawt.so
7f9af4747000-7f9af476b000 rw-p 00000000 00:00 0 
7f9af476b000-7f9af476c000 ---p 00000000 00:00 0 
7f9af476c000-7f9af486c000 rw-p 00000000 00:00 0                          [stack:26961]
7f9af486c000-7f9af486f000 ---p 00000000 00:00 0 
7f9af486f000-7f9af496d000 rw-p 00000000 00:00 0                          [stack:26960]
7f9af496d000-7f9af4970000 ---p 00000000 00:00 0 
7f9af4970000-7f9af4a6e000 rw-p 00000000 00:00 0                          [stack:26959]
7f9af4a6e000-7f9af4a71000 ---p 00000000 00:00 0 
7f9af4a71000-7f9af4b6f000 rw-p 00000000 00:00 0                          [stack:26958]
7f9af4b6f000-7f9af4b72000 ---p 00000000 00:00 0 
7f9af4b72000-7f9af4c70000 rw-p 00000000 00:00 0                          [stack:26957]
7f9af4c70000-7f9af4c73000 ---p 00000000 00:00 0 
7f9af4c73000-7f9af4d71000 rw-p 00000000 00:00 0                          [stack:26956]
7f9af4d71000-7f9af4d74000 ---p 00000000 00:00 0 
7f9af4d74000-7f9af4e72000 rw-p 00000000 00:00 0                          [stack:26955]
7f9af4e72000-7f9af513b000 r--p 00000000 103:05 663226                    /usr/lib/locale/locale-archive
7f9af513b000-7f9af513e000 ---p 00000000 00:00 0 
7f9af513e000-7f9af523c000 rw-p 00000000 00:00 0                          [stack:26954]
7f9af523c000-7f9af523f000 ---p 00000000 00:00 0 
7f9af523f000-7f9af533d000 rw-p 00000000 00:00 0                          [stack:26953]
7f9af533d000-7f9af533e000 ---p 00000000 00:00 0 
7f9af533e000-7f9af8000000 rw-p 00000000 00:00 0                          [stack:26952]
7f9af8000000-7f9af8021000 rw-p 00000000 00:00 0 
7f9af8021000-7f9afc000000 ---p 00000000 00:00 0 
7f9afc00b000-7f9afc015000 r--s 00116000 103:05 666936                    /usr/lib/jvm/java-8-oracle/jre/lib/ext/localedata.jar
7f9afc015000-7f9afc036000 rw-p 00000000 00:00 0 
7f9afc036000-7f9afc20f000 r--s 03d29000 103:05 667057                    /usr/lib/jvm/java-8-oracle/jre/lib/rt.jar
7f9afc20f000-7f9b03e0f000 rw-p 00000000 00:00 0 
7f9b03e0f000-7f9b03e10000 ---p 00000000 00:00 0 
7f9b03e10000-7f9b03f10000 rw-p 00000000 00:00 0                          [stack:26951]
7f9b03f10000-7f9b03f11000 ---p 00000000 00:00 0 
7f9b03f11000-7f9b04011000 rw-p 00000000 00:00 0                          [stack:26950]
7f9b04011000-7f9b04012000 ---p 00000000 00:00 0 
7f9b04012000-7f9b04112000 rw-p 00000000 00:00 0                          [stack:26949]
7f9b04112000-7f9b04113000 ---p 00000000 00:00 0 
7f9b04113000-7f9b04213000 rw-p 00000000 00:00 0                          [stack:26948]
7f9b04213000-7f9b04214000 ---p 00000000 00:00 0 
7f9b04214000-7f9b04367000 rw-p 00000000 00:00 0                          [stack:26947]
7f9b04367000-7f9b0483f000 ---p 00000000 00:00 0 
7f9b0483f000-7f9b04892000 rw-p 00000000 00:00 0 
7f9b04892000-7f9b04d69000 ---p 00000000 00:00 0 
7f9b04d69000-7f9b04d93000 rw-p 00000000 00:00 0 
7f9b04d93000-7f9b04fff000 ---p 00000000 00:00 0 
7f9b04fff000-7f9b05000000 rw-p 00000000 00:00 0 
7f9b05000000-7f9b05270000 rwxp 00000000 00:00 0 
7f9b05270000-7f9b14000000 ---p 00000000 00:00 0 
7f9b14000000-7f9b145be000 rw-p 00000000 00:00 0 
7f9b145be000-7f9b18000000 ---p 00000000 00:00 0 
7f9b18007000-7f9b180ed000 rw-p 00000000 00:00 0 
7f9b180ed000-7f9b180ee000 ---p 00000000 00:00 0 
7f9b180ee000-7f9b181ee000 rw-p 00000000 00:00 0                          [stack:26946]
7f9b181ee000-7f9b181ef000 ---p 00000000 00:00 0 
7f9b181ef000-7f9b182ef000 rw-p 00000000 00:00 0                          [stack:26945]
7f9b182ef000-7f9b182f0000 ---p 00000000 00:00 0 
7f9b182f0000-7f9b183fa000 rw-p 00000000 00:00 0                          [stack:26944]
7f9b183fa000-7f9b187b0000 ---p 00000000 00:00 0 
7f9b187b0000-7f9b187ca000 r-xp 00000000 103:05 667018                    /usr/lib/jvm/java-8-oracle/jre/lib/amd64/libzip.so
7f9b187ca000-7f9b189ca000 ---p 0001a000 103:05 667018                    /usr/lib/jvm/java-8-oracle/jre/lib/amd64/libzip.so
7f9b189ca000-7f9b189cb000 rw-p 0001a000 103:05 667018                    /usr/lib/jvm/java-8-oracle/jre/lib/amd64/libzip.so
7f9b189cb000-7f9b189d5000 r-xp 00000000 103:05 1311883                   /lib/x86_64-linux-gnu/libnss_files-2.19.so
7f9b189d5000-7f9b18bd4000 ---p 0000a000 103:05 1311883                   /lib/x86_64-linux-gnu/libnss_files-2.19.so
7f9b18bd4000-7f9b18bd5000 r--p 00009000 103:05 1311883                   /lib/x86_64-linux-gnu/libnss_files-2.19.so
7f9b18bd5000-7f9b18bd6000 rw-p 0000a000 103:05 1311883                   /lib/x86_64-linux-gnu/libnss_files-2.19.so
7f9b18bd6000-7f9b18be1000 r-xp 00000000 103:05 1311846                   /lib/x86_64-linux-gnu/libnss_nis-2.19.so
7f9b18be1000-7f9b18de0000 ---p 0000b000 103:05 1311846                   /lib/x86_64-linux-gnu/libnss_nis-2.19.so
7f9b18de0000-7f9b18de1000 r--p 0000a000 103:05 1311846                   /lib/x86_64-linux-gnu/libnss_nis-2.19.so
7f9b18de1000-7f9b18de2000 rw-p 0000b000 103:05 1311846                   /lib/x86_64-linux-gnu/libnss_nis-2.19.so
7f9b18de2000-7f9b18df9000 r-xp 00000000 103:05 1311836                   /lib/x86_64-linux-gnu/libnsl-2.19.so
7f9b18df9000-7f9b18ff8000 ---p 00017000 103:05 1311836                   /lib/x86_64-linux-gnu/libnsl-2.19.so
7f9b18ff8000-7f9b18ff9000 r--p 00016000 103:05 1311836                   /lib/x86_64-linux-gnu/libnsl-2.19.so
7f9b18ff9000-7f9b18ffa000 rw-p 00017000 103:05 1311836                   /lib/x86_64-linux-gnu/libnsl-2.19.so
7f9b18ffa000-7f9b18ffc000 rw-p 00000000 00:00 0 
7f9b18ffc000-7f9b19005000 r-xp 00000000 103:05 1311830                   /lib/x86_64-linux-gnu/libnss_compat-2.19.so
7f9b19005000-7f9b19204000 ---p 00009000 103:05 1311830                   /lib/x86_64-linux-gnu/libnss_compat-2.19.so
7f9b19204000-7f9b19205000 r--p 00008000 103:05 1311830                   /lib/x86_64-linux-gnu/libnss_compat-2.19.so
7f9b19205000-7f9b19206000 rw-p 00009000 103:05 1311830                   /lib/x86_64-linux-gnu/libnss_compat-2.19.so
7f9b19206000-7f9b19230000 r-xp 00000000 103:05 667012                    /usr/lib/jvm/java-8-oracle/jre/lib/amd64/libjava.so
7f9b19230000-7f9b19430000 ---p 0002a000 103:05 667012                    /usr/lib/jvm/java-8-oracle/jre/lib/amd64/libjava.so
7f9b19430000-7f9b19432000 rw-p 0002a000 103:05 667012                    /usr/lib/jvm/java-8-oracle/jre/lib/amd64/libjava.so
7f9b19432000-7f9b1943f000 r-xp 00000000 103:05 667052                    /usr/lib/jvm/java-8-oracle/jre/lib/amd64/libverify.so
7f9b1943f000-7f9b1963f000 ---p 0000d000 103:05 667052                    /usr/lib/jvm/java-8-oracle/jre/lib/amd64/libverify.so
7f9b1963f000-7f9b19641000 rw-p 0000d000 103:05 667052                    /usr/lib/jvm/java-8-oracle/jre/lib/amd64/libverify.so
7f9b19641000-7f9b19648000 r-xp 00000000 103:05 1311871                   /lib/x86_64-linux-gnu/librt-2.19.so
7f9b19648000-7f9b19847000 ---p 00007000 103:05 1311871                   /lib/x86_64-linux-gnu/librt-2.19.so
7f9b19847000-7f9b19848000 r--p 00006000 103:05 1311871                   /lib/x86_64-linux-gnu/librt-2.19.so
7f9b19848000-7f9b19849000 rw-p 00007000 103:05 1311871                   /lib/x86_64-linux-gnu/librt-2.19.so
7f9b19849000-7f9b1994e000 r-xp 00000000 103:05 1311821                   /lib/x86_64-linux-gnu/libm-2.19.so
7f9b1994e000-7f9b19b4d000 ---p 00105000 103:05 1311821                   /lib/x86_64-linux-gnu/libm-2.19.so
7f9b19b4d000-7f9b19b4e000 r--p 00104000 103:05 1311821                   /lib/x86_64-linux-gnu/libm-2.19.so
7f9b19b4e000-7f9b19b4f000 rw-p 00105000 103:05 1311821                   /lib/x86_64-linux-gnu/libm-2.19.so
7f9b19b4f000-7f9b1a81a000 r-xp 00000000 103:05 667041                    /usr/lib/jvm/java-8-oracle/jre/lib/amd64/server/libjvm.so
7f9b1a81a000-7f9b1aa19000 ---p 00ccb000 103:05 667041                    /usr/lib/jvm/java-8-oracle/jre/lib/amd64/server/libjvm.so
7f9b1aa19000-7f9b1aaf2000 rw-p 00cca000 103:05 667041                    /usr/lib/jvm/java-8-oracle/jre/lib/amd64/server/libjvm.so
7f9b1aaf2000-7f9b1ab3d000 rw-p 00000000 00:00 0 
7f9b1ab3d000-7f9b1acf7000 r-xp 00000000 103:05 1311872                   /lib/x86_64-linux-gnu/libc-2.19.so
7f9b1acf7000-7f9b1aef7000 ---p 001ba000 103:05 1311872                   /lib/x86_64-linux-gnu/libc-2.19.so
7f9b1aef7000-7f9b1aefb000 r--p 001ba000 103:05 1311872                   /lib/x86_64-linux-gnu/libc-2.19.so
7f9b1aefb000-7f9b1aefd000 rw-p 001be000 103:05 1311872                   /lib/x86_64-linux-gnu/libc-2.19.so
7f9b1aefd000-7f9b1af02000 rw-p 00000000 00:00 0 
7f9b1af02000-7f9b1af05000 r-xp 00000000 103:05 1311823                   /lib/x86_64-linux-gnu/libdl-2.19.so
7f9b1af05000-7f9b1b104000 ---p 00003000 103:05 1311823                   /lib/x86_64-linux-gnu/libdl-2.19.so
7f9b1b104000-7f9b1b105000 r--p 00002000 103:05 1311823                   /lib/x86_64-linux-gnu/libdl-2.19.so
7f9b1b105000-7f9b1b106000 rw-p 00003000 103:05 1311823                   /lib/x86_64-linux-gnu/libdl-2.19.so
7f9b1b106000-7f9b1b11b000 r-xp 00000000 103:05 666994                    /usr/lib/jvm/java-8-oracle/jre/lib/amd64/jli/libjli.so
7f9b1b11b000-7f9b1b31b000 ---p 00015000 103:05 666994                    /usr/lib/jvm/java-8-oracle/jre/lib/amd64/jli/libjli.so
7f9b1b31b000-7f9b1b31c000 rw-p 00015000 103:05 666994                    /usr/lib/jvm/java-8-oracle/jre/lib/amd64/jli/libjli.so
7f9b1b31c000-7f9b1b335000 r-xp 00000000 103:05 1311837                   /lib/x86_64-linux-gnu/libpthread-2.19.so
7f9b1b335000-7f9b1b534000 ---p 00019000 103:05 1311837                   /lib/x86_64-linux-gnu/libpthread-2.19.so
7f9b1b534000-7f9b1b535000 r--p 00018000 103:05 1311837                   /lib/x86_64-linux-gnu/libpthread-2.19.so
7f9b1b535000-7f9b1b536000 rw-p 00019000 103:05 1311837                   /lib/x86_64-linux-gnu/libpthread-2.19.so
7f9b1b536000-7f9b1b53a000 rw-p 00000000 00:00 0 
7f9b1b53a000-7f9b1b55d000 r-xp 00000000 103:05 1311842                   /lib/x86_64-linux-gnu/ld-2.19.so
7f9b1b563000-7f9b1b634000 rw-p 00000000 00:00 0 
7f9b1b634000-7f9b1b637000 ---p 00000000 00:00 0 
7f9b1b637000-7f9b1b739000 rw-p 00000000 00:00 0                          [stack:26943]
7f9b1b73f000-7f9b1b740000 rw-p 00000000 00:00 0 
7f9b1b740000-7f9b1b741000 r--s 00003000 103:07 1180495                   /home/jared/Documents/Code Projects/NNVC/External Sources/aparapi linux/samples/mandel/mandel.jar
7f9b1b741000-7f9b1b750000 r--s 00079000 103:07 1050172                   /home/jared/Documents/Code Projects/NNVC/External Sources/aparapi linux/aparapi.jar
7f9b1b750000-7f9b1b758000 rw-s 00000000 103:05 393232                    /tmp/hsperfdata_jared/26942
7f9b1b758000-7f9b1b759000 rw-p 00000000 00:00 0 
7f9b1b759000-7f9b1b75a000 r--p 00000000 00:00 0 
7f9b1b75a000-7f9b1b75c000 rw-p 00000000 00:00 0 
7f9b1b75c000-7f9b1b75d000 r--p 00022000 103:05 1311842                   /lib/x86_64-linux-gnu/ld-2.19.so
7f9b1b75d000-7f9b1b75e000 rw-p 00023000 103:05 1311842                   /lib/x86_64-linux-gnu/ld-2.19.so
7f9b1b75e000-7f9b1b75f000 rw-p 00000000 00:00 0 
7ffc9e249000-7ffc9e26a000 rw-p 00000000 00:00 0                          [stack]
7ffc9e2c8000-7ffc9e2ca000 r--p 00000000 00:00 0                          [vvar]
7ffc9e2ca000-7ffc9e2cc000 r-xp 00000000 00:00 0                          [vdso]
ffffffffff600000-ffffffffff601000 r-xp 00000000 00:00 0                  [vsyscall]

VM Arguments:
jvm_args: -Djava.library.path=../.. -Dcom.amd.aparapi.executionMode= 
java_command: com.amd.aparapi.sample.mandel.Main2D
java_class_path (initial): ../../aparapi.jar:mandel.jar
Launcher Type: SUN_STANDARD

Environment Variables:
JAVA_HOME=/usr/lib/jvm/java-8-oracle
PATH=/usr/local/sbin:/usr/local/bin:/usr/sbin:/usr/bin:/sbin:/bin:/usr/games:/usr/local/games:/usr/lib/jvm/java-8-oracle/bin:/usr/lib/jvm/java-8-oracle/db/bin:/usr/lib/jvm/java-8-oracle/jre/bin
USERNAME=jared
SHELL=/bin/bash
DISPLAY=:0

Signal Handlers:
SIGSEGV: [libjvm.so+0xac4790], sa_mask[0]=11111111011111111101111111111110, sa_flags=SA_RESTART|SA_SIGINFO
SIGBUS: [libjvm.so+0xac4790], sa_mask[0]=11111111011111111101111111111110, sa_flags=SA_RESTART|SA_SIGINFO
SIGFPE: [libjvm.so+0x91f140], sa_mask[0]=11111111011111111101111111111110, sa_flags=SA_RESTART|SA_SIGINFO
SIGPIPE: [libjvm.so+0x91f140], sa_mask[0]=11111111011111111101111111111110, sa_flags=SA_RESTART|SA_SIGINFO
SIGXFSZ: [libjvm.so+0x91f140], sa_mask[0]=11111111011111111101111111111110, sa_flags=SA_RESTART|SA_SIGINFO
SIGILL: [libjvm.so+0x91f140], sa_mask[0]=11111111011111111101111111111110, sa_flags=SA_RESTART|SA_SIGINFO
SIGUSR1: SIG_DFL, sa_mask[0]=00000000000000000000000000000000, sa_flags=none
SIGUSR2: [libjvm.so+0x920770], sa_mask[0]=00000000000000000000000000000000, sa_flags=SA_RESTART|SA_SIGINFO
SIGHUP: [libjvm.so+0x921b70], sa_mask[0]=11111111011111111101111111111110, sa_flags=SA_RESTART|SA_SIGINFO
SIGINT: [libjvm.so+0x921b70], sa_mask[0]=11111111011111111101111111111110, sa_flags=SA_RESTART|SA_SIGINFO
SIGTERM: [libjvm.so+0x921b70], sa_mask[0]=11111111011111111101111111111110, sa_flags=SA_RESTART|SA_SIGINFO
SIGQUIT: [libjvm.so+0x921b70], sa_mask[0]=11111111011111111101111111111110, sa_flags=SA_RESTART|SA_SIGINFO


---------------  S Y S T E M  ---------------

OS:DISTRIB_ID=LinuxMint
DISTRIB_RELEASE=17.3
DISTRIB_CODENAME=rosa
DISTRIB_DESCRIPTION="Linux Mint 17.3 Rosa"

uname:Linux 3.19.0-32-generic #37~14.04.1-Ubuntu SMP Thu Oct 22 09:41:40 UTC 2015 x86_64
libc:glibc 2.19 NPTL 2.19 
rlimit: STACK 8192k, CORE 0k, NPROC 63008, NOFILE 4096, AS infinity
load average:0.97 0.49 0.23

/proc/meminfo:
MemTotal:       16247912 kB
MemFree:        11077452 kB
MemAvailable:   13933668 kB
Buffers:          202252 kB
Cached:          2970344 kB
SwapCached:            0 kB
Active:          3457080 kB
Inactive:        1387476 kB
Active(anon):    1674960 kB
Inactive(anon):   215348 kB
Active(file):    1782120 kB
Inactive(file):  1172128 kB
Unevictable:           0 kB
Mlocked:               0 kB
SwapTotal:             0 kB
SwapFree:              0 kB
Dirty:                 0 kB
Writeback:             0 kB
AnonPages:       1672496 kB
Mapped:           563220 kB
Shmem:            218056 kB
Slab:             181208 kB
SReclaimable:     141804 kB
SUnreclaim:        39404 kB
KernelStack:        9264 kB
PageTables:        27864 kB
NFS_Unstable:          0 kB
Bounce:                0 kB
WritebackTmp:          0 kB
CommitLimit:     8123956 kB
Committed_AS:    5151984 kB
VmallocTotal:   34359738367 kB
VmallocUsed:      643932 kB
VmallocChunk:   34359044144 kB
HardwareCorrupted:     0 kB
AnonHugePages:    690176 kB
CmaTotal:              0 kB
CmaFree:               0 kB
HugePages_Total:       0
HugePages_Free:        0
HugePages_Rsvd:        0
HugePages_Surp:        0
Hugepagesize:       2048 kB
DirectMap4k:      212180 kB
DirectMap2M:     2748416 kB
DirectMap1G:    13631488 kB


CPU:total 8 (4 cores per cpu, 2 threads per core) family 6 model 94 stepping 3, cmov, cx8, fxsr, mmx, sse, sse2, sse3, ssse3, sse4.1, sse4.2, popcnt, avx, avx2, aes, clmul, erms, rtm, 3dnowpref, lzcnt, ht, tsc, tscinvbit, bmi1, bmi2, adx

/proc/cpuinfo:
processor	: 0
vendor_id	: GenuineIntel
cpu family	: 6
model		: 94
model name	: Intel(R) Core(TM) i7-6700HQ CPU @ 2.60GHz
stepping	: 3
microcode	: 0x84
cpu MHz		: 1400.000
cache size	: 6144 KB
physical id	: 0
siblings	: 8
core id		: 0
cpu cores	: 4
apicid		: 0
initial apicid	: 0
fpu		: yes
fpu_exception	: yes
cpuid level	: 22
wp		: yes
flags		: fpu vme de pse tsc msr pae mce cx8 apic sep mtrr pge mca cmov pat pse36 clflush dts acpi mmx fxsr sse sse2 ss ht tm pbe syscall nx pdpe1gb rdtscp lm constant_tsc arch_perfmon pebs bts rep_good nopl xtopology nonstop_tsc aperfmperf eagerfpu pni pclmulqdq dtes64 monitor ds_cpl vmx est tm2 ssse3 fma cx16 xtpr pdcm pcid sse4_1 sse4_2 x2apic movbe popcnt tsc_deadline_timer aes xsave avx f16c rdrand lahf_lm abm 3dnowprefetch ida arat epb pln pts dtherm hwp hwp_noitfy hwp_act_window hwp_epp tpr_shadow vnmi flexpriority ept vpid fsgsbase tsc_adjust bmi1 hle avx2 smep bmi2 erms invpcid rtm mpx rdseed adx smap clflushopt xsaveopt xsavec xgetbv1
bugs		:
bogomips	: 5181.69
clflush size	: 64
cache_alignment	: 64
address sizes	: 39 bits physical, 48 bits virtual
power management:

processor	: 1
vendor_id	: GenuineIntel
cpu family	: 6
model		: 94
model name	: Intel(R) Core(TM) i7-6700HQ CPU @ 2.60GHz
stepping	: 3
microcode	: 0x84
cpu MHz		: 2300.000
cache size	: 6144 KB
physical id	: 0
siblings	: 8
core id		: 1
cpu cores	: 4
apicid		: 2
initial apicid	: 2
fpu		: yes
fpu_exception	: yes
cpuid level	: 22
wp		: yes
flags		: fpu vme de pse tsc msr pae mce cx8 apic sep mtrr pge mca cmov pat pse36 clflush dts acpi mmx fxsr sse sse2 ss ht tm pbe syscall nx pdpe1gb rdtscp lm constant_tsc arch_perfmon pebs bts rep_good nopl xtopology nonstop_tsc aperfmperf eagerfpu pni pclmulqdq dtes64 monitor ds_cpl vmx est tm2 ssse3 fma cx16 xtpr pdcm pcid sse4_1 sse4_2 x2apic movbe popcnt tsc_deadline_timer aes xsave avx f16c rdrand lahf_lm abm 3dnowprefetch ida arat epb pln pts dtherm hwp hwp_noitfy hwp_act_window hwp_epp tpr_shadow vnmi flexpriority ept vpid fsgsbase tsc_adjust bmi1 hle avx2 smep bmi2 erms invpcid rtm mpx rdseed adx smap clflushopt xsaveopt xsavec xgetbv1
bugs		:
bogomips	: 5181.69
clflush size	: 64
cache_alignment	: 64
address sizes	: 39 bits physical, 48 bits virtual
power management:

processor	: 2
vendor_id	: GenuineIntel
cpu family	: 6
model		: 94
model name	: Intel(R) Core(TM) i7-6700HQ CPU @ 2.60GHz
stepping	: 3
microcode	: 0x84
cpu MHz		: 900.000
cache size	: 6144 KB
physical id	: 0
siblings	: 8
core id		: 2
cpu cores	: 4
apicid		: 4
initial apicid	: 4
fpu		: yes
fpu_exception	: yes
cpuid level	: 22
wp		: yes
flags		: fpu vme de pse tsc msr pae mce cx8 apic sep mtrr pge mca cmov pat pse36 clflush dts acpi mmx fxsr sse sse2 ss ht tm pbe syscall nx pdpe1gb rdtscp lm constant_tsc arch_perfmon pebs bts rep_good nopl xtopology nonstop_tsc aperfmperf eagerfpu pni pclmulqdq dtes64 monitor ds_cpl vmx est tm2 ssse3 fma cx16 xtpr pdcm pcid sse4_1 sse4_2 x2apic movbe popcnt tsc_deadline_timer aes xsave avx f16c rdrand lahf_lm abm 3dnowprefetch ida arat epb pln pts dtherm hwp hwp_noitfy hwp_act_window hwp_epp tpr_shadow vnmi flexpriority ept vpid fsgsbase tsc_adjust bmi1 hle avx2 smep bmi2 erms invpcid rtm mpx rdseed adx smap clflushopt xsaveopt xsavec xgetbv1
bugs		:
bogomips	: 5181.69
clflush size	: 64
cache_alignment	: 64
address sizes	: 39 bits physical, 48 bits virtual
power management:

processor	: 3
vendor_id	: GenuineIntel
cpu family	: 6
model		: 94
model name	: Intel(R) Core(TM) i7-6700HQ CPU @ 2.60GHz
stepping	: 3
microcode	: 0x84
cpu MHz		: 1600.000
cache size	: 6144 KB
physical id	: 0
siblings	: 8
core id		: 3
cpu cores	: 4
apicid		: 6
initial apicid	: 6
fpu		: yes
fpu_exception	: yes
cpuid level	: 22
wp		: yes
flags		: fpu vme de pse tsc msr pae mce cx8 apic sep mtrr pge mca cmov pat pse36 clflush dts acpi mmx fxsr sse sse2 ss ht tm pbe syscall nx pdpe1gb rdtscp lm constant_tsc arch_perfmon pebs bts rep_good nopl xtopology nonstop_tsc aperfmperf eagerfpu pni pclmulqdq dtes64 monitor ds_cpl vmx est tm2 ssse3 fma cx16 xtpr pdcm pcid sse4_1 sse4_2 x2apic movbe popcnt tsc_deadline_timer aes xsave avx f16c rdrand lahf_lm abm 3dnowprefetch ida arat epb pln pts dtherm hwp hwp_noitfy hwp_act_window hwp_epp tpr_shadow vnmi flexpriority ept vpid fsgsbase tsc_adjust bmi1 hle avx2 smep bmi2 erms invpcid rtm mpx rdseed adx smap clflushopt xsaveopt xsavec xgetbv1
bugs		:
bogomips	: 5181.69
clflush size	: 64
cache_alignment	: 64
address sizes	: 39 bits physical, 48 bits virtual
power management:

processor	: 4
vendor_id	: GenuineIntel
cpu family	: 6
model		: 94
model name	: Intel(R) Core(TM) i7-6700HQ CPU @ 2.60GHz
stepping	: 3
microcode	: 0x84
cpu MHz		: 1400.000
cache size	: 6144 KB
physical id	: 0
siblings	: 8
core id		: 0
cpu cores	: 4
apicid		: 1
initial apicid	: 1
fpu		: yes
fpu_exception	: yes
cpuid level	: 22
wp		: yes
flags		: fpu vme de pse tsc msr pae mce cx8 apic sep mtrr pge mca cmov pat pse36 clflush dts acpi mmx fxsr sse sse2 ss ht tm pbe syscall nx pdpe1gb rdtscp lm constant_tsc arch_perfmon pebs bts rep_good nopl xtopology nonstop_tsc aperfmperf eagerfpu pni pclmulqdq dtes64 monitor ds_cpl vmx est tm2 ssse3 fma cx16 xtpr pdcm pcid sse4_1 sse4_2 x2apic movbe popcnt tsc_deadline_timer aes xsave avx f16c rdrand lahf_lm abm 3dnowprefetch ida arat epb pln pts dtherm hwp hwp_noitfy hwp_act_window hwp_epp tpr_shadow vnmi flexpriority ept vpid fsgsbase tsc_adjust bmi1 hle avx2 smep bmi2 erms invpcid rtm mpx rdseed adx smap clflushopt xsaveopt xsavec xgetbv1
bugs		:
bogomips	: 5181.69
clflush size	: 64
cache_alignment	: 64
address sizes	: 39 bits physical, 48 bits virtual
power management:

processor	: 5
vendor_id	: GenuineIntel
cpu family	: 6
model		: 94
model name	: Intel(R) Core(TM) i7-6700HQ CPU @ 2.60GHz
stepping	: 3
microcode	: 0x84
cpu MHz		: 900.000
cache size	: 6144 KB
physical id	: 0
siblings	: 8
core id		: 1
cpu cores	: 4
apicid		: 3
initial apicid	: 3
fpu		: yes
fpu_exception	: yes
cpuid level	: 22
wp		: yes
flags		: fpu vme de pse tsc msr pae mce cx8 apic sep mtrr pge mca cmov pat pse36 clflush dts acpi mmx fxsr sse sse2 ss ht tm pbe syscall nx pdpe1gb rdtscp lm constant_tsc arch_perfmon pebs bts rep_good nopl xtopology nonstop_tsc aperfmperf eagerfpu pni pclmulqdq dtes64 monitor ds_cpl vmx est tm2 ssse3 fma cx16 xtpr pdcm pcid sse4_1 sse4_2 x2apic movbe popcnt tsc_deadline_timer aes xsave avx f16c rdrand lahf_lm abm 3dnowprefetch ida arat epb pln pts dtherm hwp hwp_noitfy hwp_act_window hwp_epp tpr_shadow vnmi flexpriority ept vpid fsgsbase tsc_adjust bmi1 hle avx2 smep bmi2 erms invpcid rtm mpx rdseed adx smap clflushopt xsaveopt xsavec xgetbv1
bugs		:
bogomips	: 5181.69
clflush size	: 64
cache_alignment	: 64
address sizes	: 39 bits physical, 48 bits virtual
power management:

processor	: 6
vendor_id	: GenuineIntel
cpu family	: 6
model		: 94
model name	: Intel(R) Core(TM) i7-6700HQ CPU @ 2.60GHz
stepping	: 3
microcode	: 0x84
cpu MHz		: 2300.000
cache size	: 6144 KB
physical id	: 0
siblings	: 8
core id		: 2
cpu cores	: 4
apicid		: 5
initial apicid	: 5
fpu		: yes
fpu_exception	: yes
cpuid level	: 22
wp		: yes
flags		: fpu vme de pse tsc msr pae mce cx8 apic sep mtrr pge mca cmov pat pse36 clflush dts acpi mmx fxsr sse sse2 ss ht tm pbe syscall nx pdpe1gb rdtscp lm constant_tsc arch_perfmon pebs bts rep_good nopl xtopology nonstop_tsc aperfmperf eagerfpu pni pclmulqdq dtes64 monitor ds_cpl vmx est tm2 ssse3 fma cx16 xtpr pdcm pcid sse4_1 sse4_2 x2apic movbe popcnt tsc_deadline_timer aes xsave avx f16c rdrand lahf_lm abm 3dnowprefetch ida arat epb pln pts dtherm hwp hwp_noitfy hwp_act_window hwp_epp tpr_shadow vnmi flexpriority ept vpid fsgsbase tsc_adjust bmi1 hle avx2 smep bmi2 erms invpcid rtm mpx rdseed adx smap clflushopt xsaveopt xsavec xgetbv1
bugs		:
bogomips	: 5181.69
clflush size	: 64
cache_alignment	: 64
address sizes	: 39 bits physical, 48 bits virtual
power management:

processor	: 7
vendor_id	: GenuineIntel
cpu family	: 6
model		: 94
model name	: Intel(R) Core(TM) i7-6700HQ CPU @ 2.60GHz
stepping	: 3
microcode	: 0x84
cpu MHz		: 2601.000
cache size	: 6144 KB
physical id	: 0
siblings	: 8
core id		: 3
cpu cores	: 4
apicid		: 7
initial apicid	: 7
fpu		: yes
fpu_exception	: yes
cpuid level	: 22
wp		: yes
flags		: fpu vme de pse tsc msr pae mce cx8 apic sep mtrr pge mca cmov pat pse36 clflush dts acpi mmx fxsr sse sse2 ss ht tm pbe syscall nx pdpe1gb rdtscp lm constant_tsc arch_perfmon pebs bts rep_good nopl xtopology nonstop_tsc aperfmperf eagerfpu pni pclmulqdq dtes64 monitor ds_cpl vmx est tm2 ssse3 fma cx16 xtpr pdcm pcid sse4_1 sse4_2 x2apic movbe popcnt tsc_deadline_timer aes xsave avx f16c rdrand lahf_lm abm 3dnowprefetch ida arat epb pln pts dtherm hwp hwp_noitfy hwp_act_window hwp_epp tpr_shadow vnmi flexpriority ept vpid fsgsbase tsc_adjust bmi1 hle avx2 smep bmi2 erms invpcid rtm mpx rdseed adx smap clflushopt xsaveopt xsavec xgetbv1
bugs		:
bogomips	: 5181.69
clflush size	: 64
cache_alignment	: 64
address sizes	: 39 bits physical, 48 bits virtual
power management:



Memory: 4k page, physical 16247912k(11077452k free), swap 0k(0k free)

vm_info: Java HotSpot(TM) 64-Bit Server VM (25.101-b13) for linux-amd64 JRE (1.8.0_101-b13), built on Jun 22 2016 02:59:44 by "java_re" with gcc 4.3.0 20080428 (Red Hat 4.3.0-8)

time: Sat Aug 27 15:10:06 2016
elapsed time: 0 seconds (0d 0h 0m 0s)

